<?xml version="1.0" encoding="UTF-8"?>
<testsuite name="com.example.namlol.Service.CovidServiceTest" tests="1" skipped="0" failures="0" errors="0" timestamp="2020-09-11T13:28:29" hostname="PO-PC" time="3.706">
  <properties/>
  <testcase name="worldOmeterCrawling()" classname="com.example.namlol.Service.CovidServiceTest" time="3.706"/>
  <system-out><![CDATA[22:28:20.982 [Test worker] DEBUG org.springframework.test.context.BootstrapUtils - Instantiating CacheAwareContextLoaderDelegate from class [org.springframework.test.context.cache.DefaultCacheAwareContextLoaderDelegate]
22:28:21.000 [Test worker] DEBUG org.springframework.test.context.BootstrapUtils - Instantiating BootstrapContext using constructor [public org.springframework.test.context.support.DefaultBootstrapContext(java.lang.Class,org.springframework.test.context.CacheAwareContextLoaderDelegate)]
22:28:21.039 [Test worker] DEBUG org.springframework.test.context.BootstrapUtils - Instantiating TestContextBootstrapper for test class [com.example.namlol.Service.CovidServiceTest] from class [org.springframework.boot.test.context.SpringBootTestContextBootstrapper]
22:28:21.058 [Test worker] INFO org.springframework.boot.test.context.SpringBootTestContextBootstrapper - Neither @ContextConfiguration nor @ContextHierarchy found for test class [com.example.namlol.Service.CovidServiceTest], using SpringBootContextLoader
22:28:21.063 [Test worker] DEBUG org.springframework.test.context.support.AbstractContextLoader - Did not detect default resource location for test class [com.example.namlol.Service.CovidServiceTest]: class path resource [com/example/namlol/Service/CovidServiceTest-context.xml] does not exist
22:28:21.064 [Test worker] DEBUG org.springframework.test.context.support.AbstractContextLoader - Did not detect default resource location for test class [com.example.namlol.Service.CovidServiceTest]: class path resource [com/example/namlol/Service/CovidServiceTestContext.groovy] does not exist
22:28:21.065 [Test worker] INFO org.springframework.test.context.support.AbstractContextLoader - Could not detect default resource locations for test class [com.example.namlol.Service.CovidServiceTest]: no resource found for suffixes {-context.xml, Context.groovy}.
22:28:21.066 [Test worker] INFO org.springframework.test.context.support.AnnotationConfigContextLoaderUtils - Could not detect default configuration classes for test class [com.example.namlol.Service.CovidServiceTest]: CovidServiceTest does not declare any static, non-private, non-final, nested classes annotated with @Configuration.
22:28:21.116 [Test worker] DEBUG org.springframework.test.context.support.ActiveProfilesUtils - Could not find an 'annotation declaring class' for annotation type [org.springframework.test.context.ActiveProfiles] and class [com.example.namlol.Service.CovidServiceTest]
22:28:21.195 [Test worker] DEBUG org.springframework.context.annotation.ClassPathScanningCandidateComponentProvider - Identified candidate component class: file [C:\projects\nam-lol\build\classes\java\main\com\example\namlol\NamLolApplication.class]
22:28:21.196 [Test worker] INFO org.springframework.boot.test.context.SpringBootTestContextBootstrapper - Found @SpringBootConfiguration com.example.namlol.NamLolApplication for test class com.example.namlol.Service.CovidServiceTest
22:28:21.302 [Test worker] DEBUG org.springframework.boot.test.context.SpringBootTestContextBootstrapper - @TestExecutionListeners is not present for class [com.example.namlol.Service.CovidServiceTest]: using defaults.
22:28:21.302 [Test worker] INFO org.springframework.boot.test.context.SpringBootTestContextBootstrapper - Loaded default TestExecutionListener class names from location [META-INF/spring.factories]: [org.springframework.boot.test.autoconfigure.restdocs.RestDocsTestExecutionListener, org.springframework.boot.test.autoconfigure.web.client.MockRestServiceServerResetTestExecutionListener, org.springframework.boot.test.autoconfigure.web.servlet.MockMvcPrintOnlyOnFailureTestExecutionListener, org.springframework.boot.test.autoconfigure.web.servlet.WebDriverTestExecutionListener, org.springframework.boot.test.autoconfigure.webservices.client.MockWebServiceServerTestExecutionListener, org.springframework.boot.test.mock.mockito.MockitoTestExecutionListener, org.springframework.boot.test.mock.mockito.ResetMocksTestExecutionListener, org.springframework.test.context.web.ServletTestExecutionListener, org.springframework.test.context.support.DirtiesContextBeforeModesTestExecutionListener, org.springframework.test.context.support.DependencyInjectionTestExecutionListener, org.springframework.test.context.support.DirtiesContextTestExecutionListener, org.springframework.test.context.transaction.TransactionalTestExecutionListener, org.springframework.test.context.jdbc.SqlScriptsTestExecutionListener, org.springframework.test.context.event.EventPublishingTestExecutionListener]
22:28:21.323 [Test worker] INFO org.springframework.boot.test.context.SpringBootTestContextBootstrapper - Using TestExecutionListeners: [org.springframework.test.context.web.ServletTestExecutionListener@4764a29a, org.springframework.test.context.support.DirtiesContextBeforeModesTestExecutionListener@4ad3ac40, org.springframework.boot.test.mock.mockito.MockitoTestExecutionListener@3749fd6d, org.springframework.boot.test.autoconfigure.SpringBootDependencyInjectionTestExecutionListener@6ee75fe0, org.springframework.test.context.support.DirtiesContextTestExecutionListener@c7550d4, org.springframework.test.context.transaction.TransactionalTestExecutionListener@5b935cb6, org.springframework.test.context.jdbc.SqlScriptsTestExecutionListener@2349703c, org.springframework.test.context.event.EventPublishingTestExecutionListener@770523ea, org.springframework.boot.test.autoconfigure.restdocs.RestDocsTestExecutionListener@51d03e2e, org.springframework.boot.test.autoconfigure.web.client.MockRestServiceServerResetTestExecutionListener@10e7be4e, org.springframework.boot.test.autoconfigure.web.servlet.MockMvcPrintOnlyOnFailureTestExecutionListener@78c7f4fe, org.springframework.boot.test.autoconfigure.web.servlet.WebDriverTestExecutionListener@2603927f, org.springframework.boot.test.autoconfigure.webservices.client.MockWebServiceServerTestExecutionListener@7672e9df, org.springframework.boot.test.mock.mockito.ResetMocksTestExecutionListener@5bca2c91]
22:28:21.327 [Test worker] DEBUG org.springframework.test.context.support.AbstractDirtiesContextTestExecutionListener - Before test class: context [DefaultTestContext@2ce36054 testClass = CovidServiceTest, testInstance = [null], testMethod = [null], testException = [null], mergedContextConfiguration = [WebMergedContextConfiguration@4a05436 testClass = CovidServiceTest, locations = '{}', classes = '{class com.example.namlol.NamLolApplication}', contextInitializerClasses = '[]', activeProfiles = '{}', propertySourceLocations = '{}', propertySourceProperties = '{org.springframework.boot.test.context.SpringBootTestContextBootstrapper=true}', contextCustomizers = set[org.springframework.boot.test.autoconfigure.actuate.metrics.MetricsExportContextCustomizerFactory$DisableMetricExportContextCustomizer@62610340, org.springframework.boot.test.autoconfigure.properties.PropertyMappingContextCustomizer@0, org.springframework.boot.test.autoconfigure.web.servlet.WebDriverContextCustomizerFactory$Customizer@2f9313b1, org.springframework.boot.test.context.filter.ExcludeFilterContextCustomizer@622be34b, org.springframework.boot.test.json.DuplicateJsonObjectContextCustomizerFactory$DuplicateJsonObjectContextCustomizer@59506c57, org.springframework.boot.test.mock.mockito.MockitoContextCustomizer@0, org.springframework.boot.test.web.client.TestRestTemplateContextCustomizer@579dac1, org.springframework.boot.test.context.SpringBootTestArgs@1], resourceBasePath = 'src/main/webapp', contextLoader = 'org.springframework.boot.test.context.SpringBootContextLoader', parent = [null]], attributes = map['org.springframework.test.context.web.ServletTestExecutionListener.activateListener' -> true]], class annotated with @DirtiesContext [false] with mode [null].
22:28:21.365 [Test worker] DEBUG org.springframework.test.context.support.TestPropertySourceUtils - Adding inlined properties to environment: {spring.jmx.enabled=false, org.springframework.boot.test.context.SpringBootTestContextBootstrapper=true}

  .   ____          _            __ _ _
 /\\ / ___'_ __ _ _(_)_ __  __ _ \ \ \ \
( ( )\___ | '_ | '_| | '_ \/ _` | \ \ \ \
 \\/  ___)| |_)| | | | | || (_| |  ) ) ) )
  '  |____| .__|_| |_|_| |_\__, | / / / /
 =========|_|==============|___/=/_/_/_/
 :: Spring Boot ::       (v2.4.0-SNAPSHOT)

2020-09-11 22:28:21.709  INFO 21656 --- [    Test worker] c.e.namlol.Service.CovidServiceTest      : Starting CovidServiceTest using Java 14.0.2 on po-PC with PID 21656 (started by MAIN in C:\projects\nam-lol)
2020-09-11 22:28:21.711  INFO 21656 --- [    Test worker] c.e.namlol.Service.CovidServiceTest      : No active profile set, falling back to default profiles: default
2020-09-11 22:28:23.543  INFO 21656 --- [    Test worker] .s.d.r.c.RepositoryConfigurationDelegate : Bootstrapping Spring Data JPA repositories in DEFERRED mode.
2020-09-11 22:28:23.648  INFO 21656 --- [    Test worker] .s.d.r.c.RepositoryConfigurationDelegate : Finished Spring Data repository scanning in 94 ms. Found 3 JPA repository interfaces.
2020-09-11 22:28:24.935  INFO 21656 --- [    Test worker] o.s.s.concurrent.ThreadPoolTaskExecutor  : Initializing ExecutorService 'applicationTaskExecutor'
2020-09-11 22:28:25.038  INFO 21656 --- [         task-1] o.hibernate.jpa.internal.util.LogHelper  : HHH000204: Processing PersistenceUnitInfo [name: default]
2020-09-11 22:28:25.263  INFO 21656 --- [         task-1] org.hibernate.Version                    : HHH000412: Hibernate ORM core version 5.4.20.Final
2020-09-11 22:28:25.736  INFO 21656 --- [         task-1] o.hibernate.annotations.common.Version   : HCANN000001: Hibernate Commons Annotations {5.1.0.Final}
2020-09-11 22:28:25.855  INFO 21656 --- [    Test worker] o.s.s.web.DefaultSecurityFilterChain     : Will secure Ant [pattern='/resources/**'] with []
2020-09-11 22:28:26.010  INFO 21656 --- [         task-1] com.zaxxer.hikari.HikariDataSource       : HikariPool-1 - Starting...
2020-09-11 22:28:26.057  INFO 21656 --- [    Test worker] o.s.s.web.DefaultSecurityFilterChain     : Will secure any request with [org.springframework.security.web.context.request.async.WebAsyncManagerIntegrationFilter@25df5f2a, org.springframework.security.web.context.SecurityContextPersistenceFilter@3f81434a, org.springframework.security.web.header.HeaderWriterFilter@45128d21, org.springframework.security.web.authentication.logout.LogoutFilter@13f2b371, org.springframework.security.web.savedrequest.RequestCacheAwareFilter@6c35fc99, org.springframework.security.web.servletapi.SecurityContextHolderAwareRequestFilter@20bf6bf5, org.springframework.security.web.authentication.AnonymousAuthenticationFilter@37302fc1, org.springframework.security.web.session.SessionManagementFilter@17ff0d3b, org.springframework.security.web.access.ExceptionTranslationFilter@401f63c4, org.springframework.security.web.access.intercept.FilterSecurityInterceptor@2bced863]
2020-09-11 22:28:26.485  INFO 21656 --- [         task-1] com.zaxxer.hikari.HikariDataSource       : HikariPool-1 - Start completed.
2020-09-11 22:28:26.531  INFO 21656 --- [         task-1] org.hibernate.dialect.Dialect            : HHH000400: Using dialect: org.hibernate.dialect.MySQL8Dialect
2020-09-11 22:28:27.679  INFO 21656 --- [         task-1] o.h.e.t.j.p.i.JtaPlatformInitiator       : HHH000490: Using JtaPlatform implementation: [org.hibernate.engine.transaction.jta.platform.internal.NoJtaPlatform]
2020-09-11 22:28:27.689  INFO 21656 --- [         task-1] j.LocalContainerEntityManagerFactoryBean : Initialized JPA EntityManagerFactory for persistence unit 'default'
2020-09-11 22:28:28.398  INFO 21656 --- [    Test worker] o.s.b.a.w.s.WelcomePageHandlerMapping    : Adding welcome page: class path resource [static/index.html]
2020-09-11 22:28:28.912  INFO 21656 --- [    Test worker] DeferredRepositoryInitializationListener : Triggering deferred initialization of Spring Data repositories…
2020-09-11 22:28:29.498  INFO 21656 --- [    Test worker] DeferredRepositoryInitializationListener : Spring Data repositories initialized!
2020-09-11 22:28:29.506  INFO 21656 --- [    Test worker] c.e.namlol.Service.CovidServiceTest      : Started CovidServiceTest in 8.132 seconds (JVM running for 10.102)
<tr class="total_row_world"> 
 <td></td> 
 <td style="text-align:left;">World</td> 
 <td>28,317,965</td> 
 <td>+302,771</td> 
 <td>913,291</td> 
 <td>+5,988</td> 
 <td>20,332,627</td> 
 <td>+240,882</td> 
 <td>7,072,047</td> 
 <td>60,781</td> 
 <td>3,633</td> 
 <td>117.2</td> 
 <td></td> 
 <td></td> 
 <td></td> 
 <td style="display:none" data-continent="all">All</td> 
 <td> </td> 
 <td></td> 
 <td></td> 
</tr>
<tr class="total_row_world"> 
 <td></td> 
 <td style="text-align:left;">World</td> 
 <td>28,371,811</td> 
 <td>+53,846</td> 
 <td>914,644</td> 
 <td>+1,353</td> 
 <td>20,380,583</td> 
 <td>+47,956</td> 
 <td>7,076,584</td> 
 <td>60,796</td> 
 <td>3,640</td> 
 <td>117.3</td> 
 <td></td> 
 <td></td> 
 <td></td> 
 <td style="display:none" data-continent="all">All</td> 
 <td> </td> 
 <td></td> 
 <td></td> 
</tr>
<tr style=""> 
 <td style="font-size:12px;color: grey;text-align:center;vertical-align:middle;">1</td> 
 <td style="font-weight: bold; font-size:15px; text-align:left;"><a class="mt_a" href="country/us/">USA</a></td> 
 <td style="font-weight: bold; text-align:right">6,589,020</td> 
 <td style="font-weight: bold; text-align:right;background-color:#FFEEAA;">+857</td> 
 <td style="font-weight: bold; text-align:right;">196,345 </td> 
 <td style="font-weight: bold; 
                                    text-align:right;background-color:red; color:white">+17</td> 
 <td style="font-weight: bold; text-align:right">3,880,707</td> 
 <td style="font-weight: bold; text-align:right;background-color:#c8e6c9; color:#000">+747</td> 
 <td style="text-align:right;font-weight:bold;">2,511,968</td> 
 <td style="font-weight: bold; text-align:right">14,506</td> 
 <td style="font-weight: bold; text-align:right">19,883</td> 
 <td style="font-weight: bold; text-align:right">593</td> 
 <td style="font-weight: bold; text-align:right">89,990,118</td> 
 <td style="font-weight: bold; text-align:right">271,559</td> 
 <td style="font-weight: bold; text-align:right"><a href="/world-population/us-population/">331,383,397</a> </td> 
 <td style="display:none" data-continent="North America">North America</td> 
 <td>50</td>
 <td>1,688</td>
 <td>4</td> 
</tr>
<tr style=""> 
 <td style="font-size:12px;color: grey;text-align:center;vertical-align:middle;">2</td> 
 <td style="font-weight: bold; font-size:15px; text-align:left;"><a class="mt_a" href="country/india/">India</a></td> 
 <td style="font-weight: bold; text-align:right">4,568,770</td> 
 <td style="font-weight: bold; text-align:right;background-color:#FFEEAA;">+9,045</td> 
 <td style="font-weight: bold; text-align:right;">76,348 </td> 
 <td style="font-weight: bold; 
                                    text-align:right;background-color:red; color:white">+44</td> 
 <td style="font-weight: bold; text-align:right">3,544,794</td> 
 <td style="font-weight: bold; text-align:right;background-color:#c8e6c9; color:#000">+4,811</td> 
 <td style="text-align:right;font-weight:bold;">947,628</td> 
 <td style="font-weight: bold; text-align:right">8,944</td> 
 <td style="font-weight: bold; text-align:right">3,304</td> 
 <td style="font-weight: bold; text-align:right">55</td> 
 <td style="font-weight: bold; text-align:right">54,097,975</td> 
 <td style="font-weight: bold; text-align:right">39,127</td> 
 <td style="font-weight: bold; text-align:right"><a href="/world-population/india-population/">1,382,641,407</a> </td> 
 <td style="display:none" data-continent="Asia">Asia</td> 
 <td>303</td>
 <td>18,110</td>
 <td>26</td> 
</tr>
<tr style=""> 
 <td style="font-size:12px;color: grey;text-align:center;vertical-align:middle;">3</td> 
 <td style="font-weight: bold; font-size:15px; text-align:left;"><a class="mt_a" href="country/brazil/">Brazil</a></td> 
 <td style="font-weight: bold; text-align:right">4,239,763</td> 
 <td style="font-weight: bold; text-align:right;"></td> 
 <td style="font-weight: bold; text-align:right;">129,575 </td> 
 <td style="font-weight: bold; 
                                    text-align:right;"></td> 
 <td style="font-weight: bold; text-align:right">3,497,337</td> 
 <td style="font-weight: bold; text-align:right;"></td> 
 <td style="text-align:right;font-weight:bold;">612,851</td> 
 <td style="font-weight: bold; text-align:right">8,318</td> 
 <td style="font-weight: bold; text-align:right">19,919</td> 
 <td style="font-weight: bold; text-align:right">609</td> 
 <td style="font-weight: bold; text-align:right">14,505,652</td> 
 <td style="font-weight: bold; text-align:right">68,148</td> 
 <td style="font-weight: bold; text-align:right"><a href="/world-population/brazil-population/">212,854,962</a> </td> 
 <td style="display:none" data-continent="South America">South America</td> 
 <td>50</td>
 <td>1,643</td>
 <td>15</td> 
</tr>
<tr style=""> 
 <td style="font-size:12px;color: grey;text-align:center;vertical-align:middle;">4</td> 
 <td style="font-weight: bold; font-size:15px; text-align:left;"><a class="mt_a" href="country/russia/">Russia</a></td> 
 <td style="font-weight: bold; text-align:right">1,051,874</td> 
 <td style="font-weight: bold; text-align:right;background-color:#FFEEAA;">+5,504</td> 
 <td style="font-weight: bold; text-align:right;">18,365 </td> 
 <td style="font-weight: bold; 
                                    text-align:right;background-color:red; color:white">+102</td> 
 <td style="font-weight: bold; text-align:right">868,107</td> 
 <td style="font-weight: bold; text-align:right;background-color:#c8e6c9; color:#000">+5,734</td> 
 <td style="text-align:right;font-weight:bold;">165,402</td> 
 <td style="font-weight: bold; text-align:right">2,300</td> 
 <td style="font-weight: bold; text-align:right">7,207</td> 
 <td style="font-weight: bold; text-align:right">126</td> 
 <td style="font-weight: bold; text-align:right">39,912,526</td> 
 <td style="font-weight: bold; text-align:right">273,473</td> 
 <td style="font-weight: bold; text-align:right"><a href="/world-population/russia-population/">145,946,887</a> </td> 
 <td style="display:none" data-continent="Europe">Europe</td> 
 <td>139</td>
 <td>7,947</td>
 <td>4</td> 
</tr>
<tr style=""> 
 <td style="font-size:12px;color: grey;text-align:center;vertical-align:middle;">5</td> 
 <td style="font-weight: bold; font-size:15px; text-align:left;"><a class="mt_a" href="country/peru/">Peru</a></td> 
 <td style="font-weight: bold; text-align:right">710,067</td> 
 <td style="font-weight: bold; text-align:right;"></td> 
 <td style="font-weight: bold; text-align:right;">30,344 </td> 
 <td style="font-weight: bold; 
                                    text-align:right;"></td> 
 <td style="font-weight: bold; text-align:right">544,745</td> 
 <td style="font-weight: bold; text-align:right;"></td> 
 <td style="text-align:right;font-weight:bold;">134,978</td> 
 <td style="font-weight: bold; text-align:right">1,460</td> 
 <td style="font-weight: bold; text-align:right">21,478</td> 
 <td style="font-weight: bold; text-align:right">918</td> 
 <td style="font-weight: bold; text-align:right">3,457,205</td> 
 <td style="font-weight: bold; text-align:right">104,573</td> 
 <td style="font-weight: bold; text-align:right"><a href="/world-population/peru-population/">33,060,253</a> </td> 
 <td style="display:none" data-continent="South America">South America</td> 
 <td>47</td>
 <td>1,090</td>
 <td>10</td> 
</tr>
<tr style=""> 
 <td style="font-size:12px;color: grey;text-align:center;vertical-align:middle;">6</td> 
 <td style="font-weight: bold; font-size:15px; text-align:left;"><a class="mt_a" href="country/colombia/">Colombia</a></td> 
 <td style="font-weight: bold; text-align:right">694,664</td> 
 <td style="font-weight: bold; text-align:right;"></td> 
 <td style="font-weight: bold; text-align:right;">22,275 </td> 
 <td style="font-weight: bold; 
                                    text-align:right;"></td> 
 <td style="font-weight: bold; text-align:right">569,479</td> 
 <td style="font-weight: bold; text-align:right;"></td> 
 <td style="text-align:right;font-weight:bold;">102,910</td> 
 <td style="font-weight: bold; text-align:right">863</td> 
 <td style="font-weight: bold; text-align:right">13,624</td> 
 <td style="font-weight: bold; text-align:right">437</td> 
 <td style="font-weight: bold; text-align:right">3,062,852</td> 
 <td style="font-weight: bold; text-align:right">60,070</td> 
 <td style="font-weight: bold; text-align:right"><a href="/world-population/colombia-population/">50,988,095</a> </td> 
 <td style="display:none" data-continent="South America">South America</td> 
 <td>73</td>
 <td>2,289</td>
 <td>17</td> 
</tr>
<tr style=""> 
 <td style="font-size:12px;color: grey;text-align:center;vertical-align:middle;">7</td> 
 <td style="font-weight: bold; font-size:15px; text-align:left;"><a class="mt_a" href="country/mexico/">Mexico</a></td> 
 <td style="font-weight: bold; text-align:right">652,364</td> 
 <td style="font-weight: bold; text-align:right;background-color:#FFEEAA;">+4,857</td> 
 <td style="font-weight: bold; text-align:right;">69,649 </td> 
 <td style="font-weight: bold; 
                                    text-align:right;background-color:red; color:white">+554</td> 
 <td style="font-weight: bold; text-align:right">458,850</td> 
 <td style="font-weight: bold; text-align:right;background-color:#c8e6c9; color:#000">+3,868</td> 
 <td style="text-align:right;font-weight:bold;">123,865</td> 
 <td style="font-weight: bold; text-align:right">2,892</td> 
 <td style="font-weight: bold; text-align:right">5,049</td> 
 <td style="font-weight: bold; text-align:right">539</td> 
 <td style="font-weight: bold; text-align:right">1,480,902</td> 
 <td style="font-weight: bold; text-align:right">11,462</td> 
 <td style="font-weight: bold; text-align:right"><a href="/world-population/mexico-population/">129,195,619</a> </td> 
 <td style="display:none" data-continent="North America">North America</td> 
 <td>198</td>
 <td>1,855</td>
 <td>87</td> 
</tr>
<tr style=""> 
 <td style="font-size:12px;color: grey;text-align:center;vertical-align:middle;">8</td> 
 <td style="font-weight: bold; font-size:15px; text-align:left;"><a class="mt_a" href="country/south-africa/">South Africa</a></td> 
 <td style="font-weight: bold; text-align:right">644,438</td> 
 <td style="font-weight: bold; text-align:right;"></td> 
 <td style="font-weight: bold; text-align:right;">15,265 </td> 
 <td style="font-weight: bold; 
                                    text-align:right;"></td> 
 <td style="font-weight: bold; text-align:right">573,003</td> 
 <td style="font-weight: bold; text-align:right;"></td> 
 <td style="text-align:right;font-weight:bold;">56,170</td> 
 <td style="font-weight: bold; text-align:right">539</td> 
 <td style="font-weight: bold; text-align:right">10,839</td> 
 <td style="font-weight: bold; text-align:right">257</td> 
 <td style="font-weight: bold; text-align:right">3,863,453</td> 
 <td style="font-weight: bold; text-align:right">64,983</td> 
 <td style="font-weight: bold; text-align:right"><a href="/world-population/south-africa-population/">59,453,068</a> </td> 
 <td style="display:none" data-continent="Africa">Africa</td> 
 <td>92</td>
 <td>3,895</td>
 <td>15</td> 
</tr>
<tr style=""> 
 <td style="font-size:12px;color: grey;text-align:center;vertical-align:middle;">9</td> 
 <td style="font-weight: bold; font-size:15px; text-align:left;"><a class="mt_a" href="country/spain/">Spain</a></td> 
 <td style="font-weight: bold; text-align:right">554,143</td> 
 <td style="font-weight: bold; text-align:right;"></td> 
 <td style="font-weight: bold; text-align:right;">29,699 </td> 
 <td style="font-weight: bold; 
                                    text-align:right;"></td> 
 <td style="font-weight: bold; text-align:right">N/A</td> 
 <td style="font-weight: bold; text-align:right;">N/A</td> 
 <td style="text-align:right;font-weight:bold;">N/A</td> 
 <td style="font-weight: bold; text-align:right">1,136</td> 
 <td style="font-weight: bold; text-align:right">11,851</td> 
 <td style="font-weight: bold; text-align:right">635</td> 
 <td style="font-weight: bold; text-align:right">9,987,326</td> 
 <td style="font-weight: bold; text-align:right">213,594</td> 
 <td style="font-weight: bold; text-align:right"><a href="/world-population/spain-population/">46,758,374</a> </td> 
 <td style="display:none" data-continent="Europe">Europe</td> 
 <td>84</td>
 <td>1,574</td>
 <td>5</td> 
</tr>
<tr style=""> 
 <td style="font-size:12px;color: grey;text-align:center;vertical-align:middle;">10</td> 
 <td style="font-weight: bold; font-size:15px; text-align:left;"><a class="mt_a" href="country/argentina/">Argentina</a></td> 
 <td style="font-weight: bold; text-align:right">524,198</td> 
 <td style="font-weight: bold; text-align:right;"></td> 
 <td style="font-weight: bold; text-align:right;">10,994 </td> 
 <td style="font-weight: bold; 
                                    text-align:right;background-color:red; color:white">+87</td> 
 <td style="font-weight: bold; text-align:right">400,121</td> 
 <td style="font-weight: bold; text-align:right;background-color:#c8e6c9; color:#000">+10,023</td> 
 <td style="text-align:right;font-weight:bold;">113,083</td> 
 <td style="font-weight: bold; text-align:right">2,880</td> 
 <td style="font-weight: bold; text-align:right">11,578</td> 
 <td style="font-weight: bold; text-align:right">243</td> 
 <td style="font-weight: bold; text-align:right">1,513,847</td> 
 <td style="font-weight: bold; text-align:right">33,436</td> 
 <td style="font-weight: bold; text-align:right"><a href="/world-population/argentina-population/">45,276,505</a> </td> 
 <td style="display:none" data-continent="South America">South America</td> 
 <td>86</td>
 <td>4,118</td>
 <td>30</td> 
</tr>
<tr style=""> 
 <td style="font-size:12px;color: grey;text-align:center;vertical-align:middle;">11</td> 
 <td style="font-weight: bold; font-size:15px; text-align:left;"><a class="mt_a" href="country/chile/">Chile</a></td> 
 <td style="font-weight: bold; text-align:right">428,669</td> 
 <td style="font-weight: bold; text-align:right;"></td> 
 <td style="font-weight: bold; text-align:right;">11,781 </td> 
 <td style="font-weight: bold; 
                                    text-align:right;"></td> 
 <td style="font-weight: bold; text-align:right">401,356</td> 
 <td style="font-weight: bold; text-align:right;"></td> 
 <td style="text-align:right;font-weight:bold;">15,532</td> 
 <td style="font-weight: bold; text-align:right">951</td> 
 <td style="font-weight: bold; text-align:right">22,387</td> 
 <td style="font-weight: bold; text-align:right">615</td> 
 <td style="font-weight: bold; text-align:right">2,719,687</td> 
 <td style="font-weight: bold; text-align:right">142,034</td> 
 <td style="font-weight: bold; text-align:right"><a href="/world-population/chile-population/">19,148,188</a> </td> 
 <td style="display:none" data-continent="South America">South America</td> 
 <td>45</td>
 <td>1,625</td>
 <td>7</td> 
</tr>
<tr style=""> 
 <td style="font-size:12px;color: grey;text-align:center;vertical-align:middle;">12</td> 
 <td style="font-weight: bold; font-size:15px; text-align:left;"><a class="mt_a" href="country/iran/">Iran</a></td> 
 <td style="font-weight: bold; text-align:right">397,801</td> 
 <td style="font-weight: bold; text-align:right;background-color:#FFEEAA;">+2,313</td> 
 <td style="font-weight: bold; text-align:right;">22,913 </td> 
 <td style="font-weight: bold; 
                                    text-align:right;background-color:red; color:white">+115</td> 
 <td style="font-weight: bold; text-align:right">342,539</td> 
 <td style="font-weight: bold; text-align:right;background-color:#c8e6c9; color:#000">+1,697</td> 
 <td style="text-align:right;font-weight:bold;">32,349</td> 
 <td style="font-weight: bold; text-align:right">3,753</td> 
 <td style="font-weight: bold; text-align:right">4,724</td> 
 <td style="font-weight: bold; text-align:right">272</td> 
 <td style="font-weight: bold; text-align:right">3,507,938</td> 
 <td style="font-weight: bold; text-align:right">41,662</td> 
 <td style="font-weight: bold; text-align:right"><a href="/world-population/iran-population/">84,200,427</a> </td> 
 <td style="display:none" data-continent="Asia">Asia</td> 
 <td>212</td>
 <td>3,675</td>
 <td>24</td> 
</tr>
<tr style=""> 
 <td style="font-size:12px;color: grey;text-align:center;vertical-align:middle;">13</td> 
 <td style="font-weight: bold; font-size:15px; text-align:left;"><a class="mt_a" href="country/uk/">UK</a></td> 
 <td style="font-weight: bold; text-align:right">358,138</td> 
 <td style="font-weight: bold; text-align:right;"></td> 
 <td style="font-weight: bold; text-align:right;">41,608 </td> 
 <td style="font-weight: bold; 
                                    text-align:right;"></td> 
 <td style="font-weight: bold; text-align:right">N/A</td> 
 <td style="font-weight: bold; text-align:right;">N/A</td> 
 <td style="text-align:right;font-weight:bold;">N/A</td> 
 <td style="font-weight: bold; text-align:right">80</td> 
 <td style="font-weight: bold; text-align:right">5,270</td> 
 <td style="font-weight: bold; text-align:right">612</td> 
 <td style="font-weight: bold; text-align:right">17,619,897</td> 
 <td style="font-weight: bold; text-align:right">259,284</td> 
 <td style="font-weight: bold; text-align:right"><a href="/world-population/uk-population/">67,956,061</a> </td> 
 <td style="display:none" data-continent="Europe">Europe</td> 
 <td>190</td>
 <td>1,633</td>
 <td>4</td> 
</tr>
<tr style=""> 
 <td style="font-size:12px;color: grey;text-align:center;vertical-align:middle;">14</td> 
 <td style="font-weight: bold; font-size:15px; text-align:left;"><a class="mt_a" href="country/france/">France</a></td> 
 <td style="font-weight: bold; text-align:right">353,944</td> 
 <td style="font-weight: bold; text-align:right;"></td> 
 <td style="font-weight: bold; text-align:right;">30,813 </td> 
 <td style="font-weight: bold; 
                                    text-align:right;"></td> 
 <td style="font-weight: bold; text-align:right">88,742</td> 
 <td style="font-weight: bold; text-align:right;"></td> 
 <td style="text-align:right;font-weight:bold;">234,389</td> 
 <td style="font-weight: bold; text-align:right">615</td> 
 <td style="font-weight: bold; text-align:right">5,420</td> 
 <td style="font-weight: bold; text-align:right">472</td> 
 <td style="font-weight: bold; text-align:right">10,000,000</td> 
 <td style="font-weight: bold; text-align:right">153,134</td> 
 <td style="font-weight: bold; text-align:right"><a href="/world-population/france-population/">65,302,078</a> </td> 
 <td style="display:none" data-continent="Europe">Europe</td> 
 <td>184</td>
 <td>2,119</td>
 <td>7</td> 
</tr>
<tr style=""> 
 <td style="font-size:12px;color: grey;text-align:center;vertical-align:middle;">15</td> 
 <td style="font-weight: bold; font-size:15px; text-align:left;"><a class="mt_a" href="country/bangladesh/">Bangladesh</a></td> 
 <td style="font-weight: bold; text-align:right">334,762</td> 
 <td style="font-weight: bold; text-align:right;background-color:#FFEEAA;">+1,792</td> 
 <td style="font-weight: bold; text-align:right;">4,668 </td> 
 <td style="font-weight: bold; 
                                    text-align:right;background-color:red; color:white">+34</td> 
 <td style="font-weight: bold; text-align:right">236,024</td> 
 <td style="font-weight: bold; text-align:right;background-color:#c8e6c9; color:#000">+2,474</td> 
 <td style="text-align:right;font-weight:bold;">94,070</td> 
 <td style="font-weight: bold; text-align:right"></td> 
 <td style="font-weight: bold; text-align:right">2,029</td> 
 <td style="font-weight: bold; text-align:right">28</td> 
 <td style="font-weight: bold; text-align:right">1,704,758</td> 
 <td style="font-weight: bold; text-align:right">10,331</td> 
 <td style="font-weight: bold; text-align:right"><a href="/world-population/bangladesh-population/">165,008,184</a> </td> 
 <td style="display:none" data-continent="Asia">Asia</td> 
 <td>493</td>
 <td>35,349</td>
 <td>97</td> 
</tr>
<tr style=""> 
 <td style="font-size:12px;color: grey;text-align:center;vertical-align:middle;">16</td> 
 <td style="font-weight: bold; font-size:15px; text-align:left;"><a class="mt_a" href="country/saudi-arabia/">Saudi Arabia</a></td> 
 <td style="font-weight: bold; text-align:right">324,407</td> 
 <td style="font-weight: bold; text-align:right;background-color:#FFEEAA;">+687</td> 
 <td style="font-weight: bold; text-align:right;">4,213 </td> 
 <td style="font-weight: bold; 
                                    text-align:right;background-color:red; color:white">+24</td> 
 <td style="font-weight: bold; text-align:right">300,933</td> 
 <td style="font-weight: bold; text-align:right;background-color:#c8e6c9; color:#000">+935</td> 
 <td style="text-align:right;font-weight:bold;">19,261</td> 
 <td style="font-weight: bold; text-align:right">1,368</td> 
 <td style="font-weight: bold; text-align:right">9,291</td> 
 <td style="font-weight: bold; text-align:right">121</td> 
 <td style="font-weight: bold; text-align:right">5,645,077</td> 
 <td style="font-weight: bold; text-align:right">161,668</td> 
 <td style="font-weight: bold; text-align:right"><a href="/world-population/saudi-arabia-population/">34,917,801</a> </td> 
 <td style="display:none" data-continent="Asia">Asia</td> 
 <td>108</td>
 <td>8,288</td>
 <td>6</td> 
</tr>
<tr style=""> 
 <td style="font-size:12px;color: grey;text-align:center;vertical-align:middle;">17</td> 
 <td style="font-weight: bold; font-size:15px; text-align:left;"><a class="mt_a" href="country/pakistan/">Pakistan</a></td> 
 <td style="font-weight: bold; text-align:right">300,371</td> 
 <td style="font-weight: bold; text-align:right;background-color:#FFEEAA;">+516</td> 
 <td style="font-weight: bold; text-align:right;">6,370 </td> 
 <td style="font-weight: bold; 
                                    text-align:right;background-color:red; color:white">+5</td> 
 <td style="font-weight: bold; text-align:right">288,206</td> 
 <td style="font-weight: bold; text-align:right;background-color:#c8e6c9; color:#000">+256</td> 
 <td style="text-align:right;font-weight:bold;">5,795</td> 
 <td style="font-weight: bold; text-align:right">535</td> 
 <td style="font-weight: bold; text-align:right">1,355</td> 
 <td style="font-weight: bold; text-align:right">29</td> 
 <td style="font-weight: bold; text-align:right">2,879,655</td> 
 <td style="font-weight: bold; text-align:right">12,989</td> 
 <td style="font-weight: bold; text-align:right"><a href="/world-population/pakistan-population/">221,706,692</a> </td> 
 <td style="display:none" data-continent="Asia">Asia</td> 
 <td>738</td>
 <td>34,805</td>
 <td>77</td> 
</tr>
<tr style=""> 
 <td style="font-size:12px;color: grey;text-align:center;vertical-align:middle;">18</td> 
 <td style="font-weight: bold; font-size:15px; text-align:left;"><a class="mt_a" href="country/turkey/">Turkey</a></td> 
 <td style="font-weight: bold; text-align:right">286,455</td> 
 <td style="font-weight: bold; text-align:right;"></td> 
 <td style="font-weight: bold; text-align:right;">6,895 </td> 
 <td style="font-weight: bold; 
                                    text-align:right;"></td> 
 <td style="font-weight: bold; text-align:right">255,407</td> 
 <td style="font-weight: bold; text-align:right;"></td> 
 <td style="text-align:right;font-weight:bold;">24,153</td> 
 <td style="font-weight: bold; text-align:right">1,209</td> 
 <td style="font-weight: bold; text-align:right">3,389</td> 
 <td style="font-weight: bold; text-align:right">82</td> 
 <td style="font-weight: bold; text-align:right">8,212,924</td> 
 <td style="font-weight: bold; text-align:right">97,177</td> 
 <td style="font-weight: bold; text-align:right"><a href="/world-population/turkey-population/">84,515,068</a> </td> 
 <td style="display:none" data-continent="Asia">Asia</td> 
 <td>295</td>
 <td>12,257</td>
 <td>10</td> 
</tr>
<tr style=""> 
 <td style="font-size:12px;color: grey;text-align:center;vertical-align:middle;">19</td> 
 <td style="font-weight: bold; font-size:15px; text-align:left;"><a class="mt_a" href="country/italy/">Italy</a></td> 
 <td style="font-weight: bold; text-align:right">283,180</td> 
 <td style="font-weight: bold; text-align:right;"></td> 
 <td style="font-weight: bold; text-align:right;">35,587 </td> 
 <td style="font-weight: bold; 
                                    text-align:right;"></td> 
 <td style="font-weight: bold; text-align:right">211,885</td> 
 <td style="font-weight: bold; text-align:right;"></td> 
 <td style="text-align:right;font-weight:bold;">35,708</td> 
 <td style="font-weight: bold; text-align:right">164</td> 
 <td style="font-weight: bold; text-align:right">4,685</td> 
 <td style="font-weight: bold; text-align:right">589</td> 
 <td style="font-weight: bold; text-align:right">9,554,389</td> 
 <td style="font-weight: bold; text-align:right">158,070</td> 
 <td style="font-weight: bold; text-align:right"><a href="/world-population/italy-population/">60,444,099</a> </td> 
 <td style="display:none" data-continent="Europe">Europe</td> 
 <td>213</td>
 <td>1,698</td>
 <td>6</td> 
</tr>
<tr style=""> 
 <td style="font-size:12px;color: grey;text-align:center;vertical-align:middle;">20</td> 
 <td style="font-weight: bold; font-size:15px; text-align:left;"><a class="mt_a" href="country/iraq/">Iraq</a></td> 
 <td style="font-weight: bold; text-align:right">278,418</td> 
 <td style="font-weight: bold; text-align:right;"></td> 
 <td style="font-weight: bold; text-align:right;">7,814 </td> 
 <td style="font-weight: bold; 
                                    text-align:right;"></td> 
 <td style="font-weight: bold; text-align:right">213,817</td> 
 <td style="font-weight: bold; text-align:right;"></td> 
 <td style="text-align:right;font-weight:bold;">56,787</td> 
 <td style="font-weight: bold; text-align:right">540</td> 
 <td style="font-weight: bold; text-align:right">6,893</td> 
 <td style="font-weight: bold; text-align:right">193</td> 
 <td style="font-weight: bold; text-align:right">1,718,157</td> 
 <td style="font-weight: bold; text-align:right">42,536</td> 
 <td style="font-weight: bold; text-align:right"><a href="/world-population/iraq-population/">40,392,547</a> </td> 
 <td style="display:none" data-continent="Asia">Asia</td> 
 <td>145</td>
 <td>5,169</td>
 <td>24</td> 
</tr>
<tr style=""> 
 <td style="font-size:12px;color: grey;text-align:center;vertical-align:middle;">21</td> 
 <td style="font-weight: bold; font-size:15px; text-align:left;"><a class="mt_a" href="country/germany/">Germany</a></td> 
 <td style="font-weight: bold; text-align:right">258,125</td> 
 <td style="font-weight: bold; text-align:right;background-color:#FFEEAA;">+18</td> 
 <td style="font-weight: bold; text-align:right;">9,419 </td> 
 <td style="font-weight: bold; 
                                    text-align:right;"></td> 
 <td style="font-weight: bold; text-align:right">233,300</td> 
 <td style="font-weight: bold; text-align:right;"></td> 
 <td style="text-align:right;font-weight:bold;">15,406</td> 
 <td style="font-weight: bold; text-align:right">233</td> 
 <td style="font-weight: bold; text-align:right">3,079</td> 
 <td style="font-weight: bold; text-align:right">112</td> 
 <td style="font-weight: bold; text-align:right">13,436,301</td> 
 <td style="font-weight: bold; text-align:right">160,267</td> 
 <td style="font-weight: bold; text-align:right"><a href="/world-population/germany-population/">83,836,812</a> </td> 
 <td style="display:none" data-continent="Europe">Europe</td> 
 <td>325</td>
 <td>8,901</td>
 <td>6</td> 
</tr>
<tr style=""> 
 <td style="font-size:12px;color: grey;text-align:center;vertical-align:middle;">22</td> 
 <td style="font-weight: bold; font-size:15px; text-align:left;"><a class="mt_a" href="country/philippines/">Philippines</a></td> 
 <td style="font-weight: bold; text-align:right">252,964</td> 
 <td style="font-weight: bold; text-align:right;background-color:#FFEEAA;">+4,040</td> 
 <td style="font-weight: bold; text-align:right;">4,108 </td> 
 <td style="font-weight: bold; 
                                    text-align:right;background-color:red; color:white">+42</td> 
 <td style="font-weight: bold; text-align:right">186,606</td> 
 <td style="font-weight: bold; text-align:right;background-color:#c8e6c9; color:#000">+566</td> 
 <td style="text-align:right;font-weight:bold;">62,250</td> 
 <td style="font-weight: bold; text-align:right">990</td> 
 <td style="font-weight: bold; text-align:right">2,303</td> 
 <td style="font-weight: bold; text-align:right">37</td> 
 <td style="font-weight: bold; text-align:right">3,003,007</td> 
 <td style="font-weight: bold; text-align:right">27,334</td> 
 <td style="font-weight: bold; text-align:right"><a href="/world-population/philippines-population/">109,862,207</a> </td> 
 <td style="display:none" data-continent="Asia">Asia</td> 
 <td>434</td>
 <td>26,743</td>
 <td>37</td> 
</tr>
<tr style=""> 
 <td style="font-size:12px;color: grey;text-align:center;vertical-align:middle;">23</td> 
 <td style="font-weight: bold; font-size:15px; text-align:left;"><a class="mt_a" href="country/indonesia/">Indonesia</a></td> 
 <td style="font-weight: bold; text-align:right">210,940</td> 
 <td style="font-weight: bold; text-align:right;background-color:#FFEEAA;">+3,737</td> 
 <td style="font-weight: bold; text-align:right;">8,544 </td> 
 <td style="font-weight: bold; 
                                    text-align:right;background-color:red; color:white">+88</td> 
 <td style="font-weight: bold; text-align:right">150,217</td> 
 <td style="font-weight: bold; text-align:right;background-color:#c8e6c9; color:#000">+2,707</td> 
 <td style="text-align:right;font-weight:bold;">52,179</td> 
 <td style="font-weight: bold; text-align:right"></td> 
 <td style="font-weight: bold; text-align:right">770</td> 
 <td style="font-weight: bold; text-align:right">31</td> 
 <td style="font-weight: bold; text-align:right">2,581,392</td> 
 <td style="font-weight: bold; text-align:right">9,418</td> 
 <td style="font-weight: bold; text-align:right"><a href="/world-population/indonesia-population/">274,084,786</a> </td> 
 <td style="display:none" data-continent="Asia">Asia</td> 
 <td>1,299</td>
 <td>32,079</td>
 <td>106</td> 
</tr>
<tr style=""> 
 <td style="font-size:12px;color: grey;text-align:center;vertical-align:middle;">24</td> 
 <td style="font-weight: bold; font-size:15px; text-align:left;"><a class="mt_a" href="country/ukraine/">Ukraine</a></td> 
 <td style="font-weight: bold; text-align:right">148,756</td> 
 <td style="font-weight: bold; text-align:right;background-color:#FFEEAA;">+3,144</td> 
 <td style="font-weight: bold; text-align:right;">3,076 </td> 
 <td style="font-weight: bold; 
                                    text-align:right;background-color:red; color:white">+53</td> 
 <td style="font-weight: bold; text-align:right">67,005</td> 
 <td style="font-weight: bold; text-align:right;background-color:#c8e6c9; color:#000">+1,128</td> 
 <td style="text-align:right;font-weight:bold;">78,675</td> 
 <td style="font-weight: bold; text-align:right">177</td> 
 <td style="font-weight: bold; text-align:right">3,406</td> 
 <td style="font-weight: bold; text-align:right">70</td> 
 <td style="font-weight: bold; text-align:right">1,778,483</td> 
 <td style="font-weight: bold; text-align:right">40,715</td> 
 <td style="font-weight: bold; text-align:right"><a href="/world-population/ukraine-population/">43,680,865</a> </td> 
 <td style="display:none" data-continent="Europe">Europe</td> 
 <td>294</td>
 <td>14,201</td>
 <td>25</td> 
</tr>
<tr style=""> 
 <td style="font-size:12px;color: grey;text-align:center;vertical-align:middle;">25</td> 
 <td style="font-weight: bold; font-size:15px; text-align:left;"><a class="mt_a" href="country/israel/">Israel</a></td> 
 <td style="font-weight: bold; text-align:right">147,379</td> 
 <td style="font-weight: bold; text-align:right;background-color:#FFEEAA;">+1,853</td> 
 <td style="font-weight: bold; text-align:right;">1,086 </td> 
 <td style="font-weight: bold; 
                                    text-align:right;background-color:red; color:white">+9</td> 
 <td style="font-weight: bold; text-align:right">111,556</td> 
 <td style="font-weight: bold; text-align:right;background-color:#c8e6c9; color:#000">+1,614</td> 
 <td style="text-align:right;font-weight:bold;">34,737</td> 
 <td style="font-weight: bold; text-align:right">482</td> 
 <td style="font-weight: bold; text-align:right">16,024</td> 
 <td style="font-weight: bold; text-align:right">118</td> 
 <td style="font-weight: bold; text-align:right">2,620,012</td> 
 <td style="font-weight: bold; text-align:right">284,859</td> 
 <td style="font-weight: bold; text-align:right">9,197,590 </td> 
 <td style="display:none" data-continent="Asia">Asia</td> 
 <td>62</td>
 <td>8,469</td>
 <td>4</td> 
</tr>
<tr style=""> 
 <td style="font-size:12px;color: grey;text-align:center;vertical-align:middle;">26</td> 
 <td style="font-weight: bold; font-size:15px; text-align:left;"><a class="mt_a" href="country/canada/">Canada</a></td> 
 <td style="font-weight: bold; text-align:right">134,924</td> 
 <td style="font-weight: bold; text-align:right;"></td> 
 <td style="font-weight: bold; text-align:right;">9,163 </td> 
 <td style="font-weight: bold; 
                                    text-align:right;"></td> 
 <td style="font-weight: bold; text-align:right">118,990</td> 
 <td style="font-weight: bold; text-align:right;"></td> 
 <td style="text-align:right;font-weight:bold;">6,771</td> 
 <td style="font-weight: bold; text-align:right">52</td> 
 <td style="font-weight: bold; text-align:right">3,569</td> 
 <td style="font-weight: bold; text-align:right">242</td> 
 <td style="font-weight: bold; text-align:right">5,979,566</td> 
 <td style="font-weight: bold; text-align:right">158,162</td> 
 <td style="font-weight: bold; text-align:right"><a href="/world-population/canada-population/">37,806,632</a> </td> 
 <td style="display:none" data-continent="North America">North America</td> 
 <td>280</td>
 <td>4,126</td>
 <td>6</td> 
</tr>
<tr style=""> 
 <td style="font-size:12px;color: grey;text-align:center;vertical-align:middle;">27</td> 
 <td style="font-weight: bold; font-size:15px; text-align:left;"><a class="mt_a" href="country/bolivia/">Bolivia</a></td> 
 <td style="font-weight: bold; text-align:right">124,205</td> 
 <td style="font-weight: bold; text-align:right;background-color:#FFEEAA;">+860</td> 
 <td style="font-weight: bold; text-align:right;">7,193 </td> 
 <td style="font-weight: bold; 
                                    text-align:right;background-color:red; color:white">+47</td> 
 <td style="font-weight: bold; text-align:right">79,483</td> 
 <td style="font-weight: bold; text-align:right;background-color:#c8e6c9; color:#000">+2,267</td> 
 <td style="text-align:right;font-weight:bold;">37,529</td> 
 <td style="font-weight: bold; text-align:right">71</td> 
 <td style="font-weight: bold; text-align:right">10,612</td> 
 <td style="font-weight: bold; text-align:right">615</td> 
 <td style="font-weight: bold; text-align:right">266,600</td> 
 <td style="font-weight: bold; text-align:right">22,779</td> 
 <td style="font-weight: bold; text-align:right"><a href="/world-population/bolivia-population/">11,703,688</a> </td> 
 <td style="display:none" data-continent="South America">South America</td> 
 <td>94</td>
 <td>1,627</td>
 <td>44</td> 
</tr>
<tr style=""> 
 <td style="font-size:12px;color: grey;text-align:center;vertical-align:middle;">28</td> 
 <td style="font-weight: bold; font-size:15px; text-align:left;"><a class="mt_a" href="country/qatar/">Qatar</a></td> 
 <td style="font-weight: bold; text-align:right">121,287</td> 
 <td style="font-weight: bold; text-align:right;background-color:#FFEEAA;">+235</td> 
 <td style="font-weight: bold; text-align:right;">205 </td> 
 <td style="font-weight: bold; 
                                    text-align:right;"></td> 
 <td style="font-weight: bold; text-align:right">118,199</td> 
 <td style="font-weight: bold; text-align:right;background-color:#c8e6c9; color:#000">+221</td> 
 <td style="text-align:right;font-weight:bold;">2,883</td> 
 <td style="font-weight: bold; text-align:right">50</td> 
 <td style="font-weight: bold; text-align:right">43,196</td> 
 <td style="font-weight: bold; text-align:right">73</td> 
 <td style="font-weight: bold; text-align:right">680,633</td> 
 <td style="font-weight: bold; text-align:right">242,408</td> 
 <td style="font-weight: bold; text-align:right">2,807,805 </td> 
 <td style="display:none" data-continent="Asia">Asia</td> 
 <td>23</td>
 <td>13,697</td>
 <td>4</td> 
</tr>
<tr style=""> 
 <td style="font-size:12px;color: grey;text-align:center;vertical-align:middle;">29</td> 
 <td style="font-weight: bold; font-size:15px; text-align:left;"><a class="mt_a" href="country/ecuador/">Ecuador</a></td> 
 <td style="font-weight: bold; text-align:right">113,206</td> 
 <td style="font-weight: bold; text-align:right;"></td> 
 <td style="font-weight: bold; text-align:right;">10,749 </td> 
 <td style="font-weight: bold; 
                                    text-align:right;"></td> 
 <td style="font-weight: bold; text-align:right">91,242</td> 
 <td style="font-weight: bold; text-align:right;"></td> 
 <td style="text-align:right;font-weight:bold;">11,215</td> 
 <td style="font-weight: bold; text-align:right">371</td> 
 <td style="font-weight: bold; text-align:right">6,398</td> 
 <td style="font-weight: bold; text-align:right">607</td> 
 <td style="font-weight: bold; text-align:right">333,977</td> 
 <td style="font-weight: bold; text-align:right">18,875</td> 
 <td style="font-weight: bold; text-align:right"><a href="/world-population/ecuador-population/">17,694,458</a> </td> 
 <td style="display:none" data-continent="South America">South America</td> 
 <td>156</td>
 <td>1,646</td>
 <td>53</td> 
</tr>
<tr style=""> 
 <td style="font-size:12px;color: grey;text-align:center;vertical-align:middle;">30</td> 
 <td style="font-weight: bold; font-size:15px; text-align:left;"><a class="mt_a" href="country/kazakhstan/">Kazakhstan</a></td> 
 <td style="font-weight: bold; text-align:right">106,661</td> 
 <td style="font-weight: bold; text-align:right;background-color:#FFEEAA;">+77</td> 
 <td style="font-weight: bold; text-align:right;">1,634 </td> 
 <td style="font-weight: bold; 
                                    text-align:right;"></td> 
 <td style="font-weight: bold; text-align:right">100,409</td> 
 <td style="font-weight: bold; text-align:right;background-color:#c8e6c9; color:#000">+161</td> 
 <td style="text-align:right;font-weight:bold;">4,618</td> 
 <td style="font-weight: bold; text-align:right">221</td> 
 <td style="font-weight: bold; text-align:right">5,667</td> 
 <td style="font-weight: bold; text-align:right">87</td> 
 <td style="font-weight: bold; text-align:right">2,571,562</td> 
 <td style="font-weight: bold; text-align:right">136,639</td> 
 <td style="font-weight: bold; text-align:right"><a href="/world-population/kazakhstan-population/">18,820,139</a> </td> 
 <td style="display:none" data-continent="Asia">Asia</td> 
 <td>176</td>
 <td>11,518</td>
 <td>7</td> 
</tr>
<tr style=""> 
 <td style="font-size:12px;color: grey;text-align:center;vertical-align:middle;">31</td> 
 <td style="font-weight: bold; font-size:15px; text-align:left;"><a class="mt_a" href="country/dominican-republic/">Dominican Republic</a></td> 
 <td style="font-weight: bold; text-align:right">101,716</td> 
 <td style="font-weight: bold; text-align:right;"></td> 
 <td style="font-weight: bold; text-align:right;">1,926 </td> 
 <td style="font-weight: bold; 
                                    text-align:right;"></td> 
 <td style="font-weight: bold; text-align:right">75,034</td> 
 <td style="font-weight: bold; text-align:right;"></td> 
 <td style="text-align:right;font-weight:bold;">24,756</td> 
 <td style="font-weight: bold; text-align:right">210</td> 
 <td style="font-weight: bold; text-align:right">9,358</td> 
 <td style="font-weight: bold; text-align:right">177</td> 
 <td style="font-weight: bold; text-align:right">408,014</td> 
 <td style="font-weight: bold; text-align:right">37,539</td> 
 <td style="font-weight: bold; text-align:right"><a href="/world-population/dominican-republic-population/">10,869,043</a> </td> 
 <td style="display:none" data-continent="North America">North America</td> 
 <td>107</td>
 <td>5,643</td>
 <td>27</td> 
</tr>
<tr style=""> 
 <td style="font-size:12px;color: grey;text-align:center;vertical-align:middle;">32</td> 
 <td style="font-weight: bold; font-size:15px; text-align:left;"><a class="mt_a" href="country/romania/">Romania</a></td> 
 <td style="font-weight: bold; text-align:right">101,075</td> 
 <td style="font-weight: bold; text-align:right;background-color:#FFEEAA;">+1,391</td> 
 <td style="font-weight: bold; text-align:right;">4,100 </td> 
 <td style="font-weight: bold; 
                                    text-align:right;background-color:red; color:white">+35</td> 
 <td style="font-weight: bold; text-align:right">41,010</td> 
 <td style="font-weight: bold; text-align:right;"></td> 
 <td style="text-align:right;font-weight:bold;">55,965</td> 
 <td style="font-weight: bold; text-align:right">478</td> 
 <td style="font-weight: bold; text-align:right">5,261</td> 
 <td style="font-weight: bold; text-align:right">213</td> 
 <td style="font-weight: bold; text-align:right">2,041,921</td> 
 <td style="font-weight: bold; text-align:right">106,285</td> 
 <td style="font-weight: bold; text-align:right"><a href="/world-population/romania-population/">19,211,818</a> </td> 
 <td style="display:none" data-continent="Europe">Europe</td> 
 <td>190</td>
 <td>4,686</td>
 <td>9</td> 
</tr>
<tr style=""> 
 <td style="font-size:12px;color: grey;text-align:center;vertical-align:middle;">33</td> 
 <td style="font-weight: bold; font-size:15px; text-align:left;"><a class="mt_a" href="country/egypt/">Egypt</a></td> 
 <td style="font-weight: bold; text-align:right">100,557</td> 
 <td style="font-weight: bold; text-align:right;"></td> 
 <td style="font-weight: bold; text-align:right;">5,590 </td> 
 <td style="font-weight: bold; 
                                    text-align:right;"></td> 
 <td style="font-weight: bold; text-align:right">81,597</td> 
 <td style="font-weight: bold; text-align:right;"></td> 
 <td style="text-align:right;font-weight:bold;">13,370</td> 
 <td style="font-weight: bold; text-align:right">41</td> 
 <td style="font-weight: bold; text-align:right">979</td> 
 <td style="font-weight: bold; text-align:right">54</td> 
 <td style="font-weight: bold; text-align:right">135,000</td> 
 <td style="font-weight: bold; text-align:right">1,314</td> 
 <td style="font-weight: bold; text-align:right"><a href="/world-population/egypt-population/">102,701,378</a> </td> 
 <td style="display:none" data-continent="Africa">Africa</td> 
 <td>1,021</td>
 <td>18,372</td>
 <td>761</td> 
</tr>
<tr style=""> 
 <td style="font-size:12px;color: grey;text-align:center;vertical-align:middle;">34</td> 
 <td style="font-weight: bold; font-size:15px; text-align:left;"><a class="mt_a" href="country/panama/">Panama</a></td> 
 <td style="font-weight: bold; text-align:right">99,715</td> 
 <td style="font-weight: bold; text-align:right;"></td> 
 <td style="font-weight: bold; text-align:right;">2,127 </td> 
 <td style="font-weight: bold; 
                                    text-align:right;"></td> 
 <td style="font-weight: bold; text-align:right">72,203</td> 
 <td style="font-weight: bold; text-align:right;"></td> 
 <td style="text-align:right;font-weight:bold;">25,385</td> 
 <td style="font-weight: bold; text-align:right">135</td> 
 <td style="font-weight: bold; text-align:right">23,041</td> 
 <td style="font-weight: bold; text-align:right">491</td> 
 <td style="font-weight: bold; text-align:right">384,525</td> 
 <td style="font-weight: bold; text-align:right">88,850</td> 
 <td style="font-weight: bold; text-align:right"><a href="/world-population/panama-population/">4,327,782</a> </td> 
 <td style="display:none" data-continent="North America">North America</td> 
 <td>43</td>
 <td>2,035</td>
 <td>11</td> 
</tr>
<tr style=""> 
 <td style="font-size:12px;color: grey;text-align:center;vertical-align:middle;">35</td> 
 <td style="font-weight: bold; font-size:15px; text-align:left;"><a class="mt_a" href="country/kuwait/">Kuwait</a></td> 
 <td style="font-weight: bold; text-align:right">93,475</td> 
 <td style="font-weight: bold; text-align:right;background-color:#FFEEAA;">+653</td> 
 <td style="font-weight: bold; text-align:right;">557 </td> 
 <td style="font-weight: bold; 
                                    text-align:right;background-color:red; color:white">+1</td> 
 <td style="font-weight: bold; text-align:right">83,660</td> 
 <td style="font-weight: bold; text-align:right;background-color:#c8e6c9; color:#000">+620</td> 
 <td style="text-align:right;font-weight:bold;">9,258</td> 
 <td style="font-weight: bold; text-align:right">97</td> 
 <td style="font-weight: bold; text-align:right">21,826</td> 
 <td style="font-weight: bold; text-align:right">130</td> 
 <td style="font-weight: bold; text-align:right">668,005</td> 
 <td style="font-weight: bold; text-align:right">155,978</td> 
 <td style="font-weight: bold; text-align:right"><a href="/world-population/kuwait-population/">4,282,701</a> </td> 
 <td style="display:none" data-continent="Asia">Asia</td> 
 <td>46</td>
 <td>7,689</td>
 <td>6</td> 
</tr>
<tr style=""> 
 <td style="font-size:12px;color: grey;text-align:center;vertical-align:middle;">36</td> 
 <td style="font-weight: bold; font-size:15px; text-align:left;"><a class="mt_a" href="country/belgium/">Belgium</a></td> 
 <td style="font-weight: bold; text-align:right">90,568</td> 
 <td style="font-weight: bold; text-align:right;background-color:#FFEEAA;">+877</td> 
 <td style="font-weight: bold; text-align:right;">9,917 </td> 
 <td style="font-weight: bold; 
                                    text-align:right;"></td> 
 <td style="font-weight: bold; text-align:right">18,659</td> 
 <td style="font-weight: bold; text-align:right;background-color:#c8e6c9; color:#000">+24</td> 
 <td style="text-align:right;font-weight:bold;">61,992</td> 
 <td style="font-weight: bold; text-align:right">59</td> 
 <td style="font-weight: bold; text-align:right">7,808</td> 
 <td style="font-weight: bold; text-align:right">855</td> 
 <td style="font-weight: bold; text-align:right">2,532,095</td> 
 <td style="font-weight: bold; text-align:right">218,293</td> 
 <td style="font-weight: bold; text-align:right"><a href="/world-population/belgium-population/">11,599,551</a> </td> 
 <td style="display:none" data-continent="Europe">Europe</td> 
 <td>128</td>
 <td>1,170</td>
 <td>5</td> 
</tr>
<tr style=""> 
 <td style="font-size:12px;color: grey;text-align:center;vertical-align:middle;">37</td> 
 <td style="font-weight: bold; font-size:15px; text-align:left;"><a class="mt_a" href="country/oman/">Oman</a></td> 
 <td style="font-weight: bold; text-align:right">88,337</td> 
 <td style="font-weight: bold; text-align:right;"></td> 
 <td style="font-weight: bold; text-align:right;">762 </td> 
 <td style="font-weight: bold; 
                                    text-align:right;"></td> 
 <td style="font-weight: bold; text-align:right">83,325</td> 
 <td style="font-weight: bold; text-align:right;"></td> 
 <td style="text-align:right;font-weight:bold;">4,250</td> 
 <td style="font-weight: bold; text-align:right">161</td> 
 <td style="font-weight: bold; text-align:right">17,217</td> 
 <td style="font-weight: bold; text-align:right">149</td> 
 <td style="font-weight: bold; text-align:right">309,212</td> 
 <td style="font-weight: bold; text-align:right">60,265</td> 
 <td style="font-weight: bold; text-align:right"><a href="/world-population/oman-population/">5,130,906</a> </td> 
 <td style="display:none" data-continent="Asia">Asia</td> 
 <td>58</td>
 <td>6,733</td>
 <td>17</td> 
</tr>
<tr style=""> 
 <td style="font-size:12px;color: grey;text-align:center;vertical-align:middle;">38</td> 
 <td style="font-weight: bold; font-size:15px; text-align:left;"><a class="mt_a" href="country/sweden/">Sweden</a></td> 
 <td style="font-weight: bold; text-align:right">86,505</td> 
 <td style="font-weight: bold; text-align:right;"></td> 
 <td style="font-weight: bold; text-align:right;">5,846 </td> 
 <td style="font-weight: bold; 
                                    text-align:right;background-color:red; color:white">+4</td> 
 <td style="font-weight: bold; text-align:right">N/A</td> 
 <td style="font-weight: bold; text-align:right;">N/A</td> 
 <td style="text-align:right;font-weight:bold;">N/A</td> 
 <td style="font-weight: bold; text-align:right">13</td> 
 <td style="font-weight: bold; text-align:right">8,555</td> 
 <td style="font-weight: bold; text-align:right">578</td> 
 <td style="font-weight: bold; text-align:right">1,250,488</td> 
 <td style="font-weight: bold; text-align:right">123,669</td> 
 <td style="font-weight: bold; text-align:right"><a href="/world-population/sweden-population/">10,111,607</a> </td> 
 <td style="display:none" data-continent="Europe">Europe</td> 
 <td>117</td>
 <td>1,730</td>
 <td>8</td> 
</tr>
<tr style=""> 
 <td style="font-size:12px;color: grey;text-align:center;vertical-align:middle;">39</td> 
 <td style="font-weight: bold; font-size:15px; text-align:left;"><a class="mt_a" href="country/guatemala/">Guatemala</a></td> 
 <td style="font-weight: bold; text-align:right">80,306</td> 
 <td style="font-weight: bold; text-align:right;"></td> 
 <td style="font-weight: bold; text-align:right;">2,918 </td> 
 <td style="font-weight: bold; 
                                    text-align:right;"></td> 
 <td style="font-weight: bold; text-align:right">68,927</td> 
 <td style="font-weight: bold; text-align:right;"></td> 
 <td style="text-align:right;font-weight:bold;">8,461</td> 
 <td style="font-weight: bold; text-align:right">5</td> 
 <td style="font-weight: bold; text-align:right">4,467</td> 
 <td style="font-weight: bold; text-align:right">162</td> 
 <td style="font-weight: bold; text-align:right">270,040</td> 
 <td style="font-weight: bold; text-align:right">15,020</td> 
 <td style="font-weight: bold; text-align:right"><a href="/world-population/guatemala-population/">17,978,636</a> </td> 
 <td style="display:none" data-continent="North America">North America</td> 
 <td>224</td>
 <td>6,161</td>
 <td>67</td> 
</tr>
<tr style=""> 
 <td style="font-size:12px;color: grey;text-align:center;vertical-align:middle;">40</td> 
 <td style="font-weight: bold; font-size:15px; text-align:left;"><a class="mt_a" href="country/netherlands/">Netherlands</a></td> 
 <td style="font-weight: bold; text-align:right">79,781</td> 
 <td style="font-weight: bold; text-align:right;background-color:#FFEEAA;">+1,270</td> 
 <td style="font-weight: bold; text-align:right;">6,252 </td> 
 <td style="font-weight: bold; 
                                    text-align:right;background-color:red; color:white">+3</td> 
 <td style="font-weight: bold; text-align:right">N/A</td> 
 <td style="font-weight: bold; text-align:right;">N/A</td> 
 <td style="text-align:right;font-weight:bold;">N/A</td> 
 <td style="font-weight: bold; text-align:right">48</td> 
 <td style="font-weight: bold; text-align:right">4,654</td> 
 <td style="font-weight: bold; text-align:right">365</td> 
 <td style="font-weight: bold; text-align:right">1,832,451</td> 
 <td style="font-weight: bold; text-align:right">106,896</td> 
 <td style="font-weight: bold; text-align:right"><a href="/world-population/netherlands-population/">17,142,371</a> </td> 
 <td style="display:none" data-continent="Europe">Europe</td> 
 <td>215</td>
 <td>2,742</td>
 <td>9</td> 
</tr>
<tr style=""> 
 <td style="font-size:12px;color: grey;text-align:center;vertical-align:middle;">41</td> 
 <td style="font-weight: bold; font-size:15px; text-align:left;"><a class="mt_a" href="country/morocco/">Morocco</a></td> 
 <td style="font-weight: bold; text-align:right">79,767</td> 
 <td style="font-weight: bold; text-align:right;"></td> 
 <td style="font-weight: bold; text-align:right;">1,491 </td> 
 <td style="font-weight: bold; 
                                    text-align:right;"></td> 
 <td style="font-weight: bold; text-align:right">61,850</td> 
 <td style="font-weight: bold; text-align:right;"></td> 
 <td style="text-align:right;font-weight:bold;">16,426</td> 
 <td style="font-weight: bold; text-align:right">251</td> 
 <td style="font-weight: bold; text-align:right">2,156</td> 
 <td style="font-weight: bold; text-align:right">40</td> 
 <td style="font-weight: bold; text-align:right">2,160,798</td> 
 <td style="font-weight: bold; text-align:right">58,408</td> 
 <td style="font-weight: bold; text-align:right"><a href="/world-population/morocco-population/">36,995,185</a> </td> 
 <td style="display:none" data-continent="Africa">Africa</td> 
 <td>464</td>
 <td>24,812</td>
 <td>17</td> 
</tr>
<tr style=""> 
 <td style="font-size:12px;color: grey;text-align:center;vertical-align:middle;">42</td> 
 <td style="font-weight: bold; font-size:15px; text-align:left;"><a class="mt_a" href="country/united-arab-emirates/">UAE</a></td> 
 <td style="font-weight: bold; text-align:right">77,842</td> 
 <td style="font-weight: bold; text-align:right;background-color:#FFEEAA;">+931</td> 
 <td style="font-weight: bold; text-align:right;">398 </td> 
 <td style="font-weight: bold; 
                                    text-align:right;"></td> 
 <td style="font-weight: bold; text-align:right">68,462</td> 
 <td style="font-weight: bold; text-align:right;background-color:#c8e6c9; color:#000">+517</td> 
 <td style="text-align:right;font-weight:bold;">8,982</td> 
 <td style="font-weight: bold; text-align:right"></td> 
 <td style="font-weight: bold; text-align:right">7,852</td> 
 <td style="font-weight: bold; text-align:right">40</td> 
 <td style="font-weight: bold; text-align:right">7,947,488</td> 
 <td style="font-weight: bold; text-align:right">801,683</td> 
 <td style="font-weight: bold; text-align:right"><a href="/world-population/united-arab-emirates-population/">9,913,504</a> </td> 
 <td style="display:none" data-continent="Asia">Asia</td> 
 <td>127</td>
 <td>24,908</td>
 <td>1</td> 
</tr>
<tr style=""> 
 <td style="font-size:12px;color: grey;text-align:center;vertical-align:middle;">43</td> 
 <td style="font-weight: bold; font-size:15px; text-align:left;"><a class="mt_a" href="country/belarus/">Belarus</a></td> 
 <td style="font-weight: bold; text-align:right">73,784</td> 
 <td style="font-weight: bold; text-align:right;background-color:#FFEEAA;">+193</td> 
 <td style="font-weight: bold; text-align:right;">738 </td> 
 <td style="font-weight: bold; 
                                    text-align:right;background-color:red; color:white">+6</td> 
 <td style="font-weight: bold; text-align:right">72,369</td> 
 <td style="font-weight: bold; text-align:right;background-color:#c8e6c9; color:#000">+166</td> 
 <td style="text-align:right;font-weight:bold;">677</td> 
 <td style="font-weight: bold; text-align:right"></td> 
 <td style="font-weight: bold; text-align:right">7,809</td> 
 <td style="font-weight: bold; text-align:right">78</td> 
 <td style="font-weight: bold; text-align:right">1,629,812</td> 
 <td style="font-weight: bold; text-align:right">172,491</td> 
 <td style="font-weight: bold; text-align:right"><a href="/world-population/belarus-population/">9,448,705</a> </td> 
 <td style="display:none" data-continent="Europe">Europe</td> 
 <td>128</td>
 <td>12,803</td>
 <td>6</td> 
</tr>
<tr style=""> 
 <td style="font-size:12px;color: grey;text-align:center;vertical-align:middle;">44</td> 
 <td style="font-weight: bold; font-size:15px; text-align:left;"><a class="mt_a" href="country/japan/">Japan</a></td> 
 <td style="font-weight: bold; text-align:right">73,221</td> 
 <td style="font-weight: bold; text-align:right;"></td> 
 <td style="font-weight: bold; text-align:right;">1,406 </td> 
 <td style="font-weight: bold; 
                                    text-align:right;"></td> 
 <td style="font-weight: bold; text-align:right">64,835</td> 
 <td style="font-weight: bold; text-align:right;"></td> 
 <td style="text-align:right;font-weight:bold;">6,980</td> 
 <td style="font-weight: bold; text-align:right">198</td> 
 <td style="font-weight: bold; text-align:right">579</td> 
 <td style="font-weight: bold; text-align:right">11</td> 
 <td style="font-weight: bold; text-align:right">1,662,091</td> 
 <td style="font-weight: bold; text-align:right">13,150</td> 
 <td style="font-weight: bold; text-align:right"><a href="/world-population/japan-population/">126,398,997</a> </td> 
 <td style="display:none" data-continent="Asia">Asia</td> 
 <td>1,726</td>
 <td>89,900</td>
 <td>76</td> 
</tr>
<tr style=""> 
 <td style="font-size:12px;color: grey;text-align:center;vertical-align:middle;">45</td> 
 <td style="font-weight: bold; font-size:15px; text-align:left;"><a class="mt_a" href="country/poland/">Poland</a></td> 
 <td style="font-weight: bold; text-align:right">73,047</td> 
 <td style="font-weight: bold; text-align:right;background-color:#FFEEAA;">+594</td> 
 <td style="font-weight: bold; text-align:right;">2,169 </td> 
 <td style="font-weight: bold; 
                                    text-align:right;background-color:red; color:white">+10</td> 
 <td style="font-weight: bold; text-align:right">58,848</td> 
 <td style="font-weight: bold; text-align:right;background-color:#c8e6c9; color:#000">+779</td> 
 <td style="text-align:right;font-weight:bold;">12,030</td> 
 <td style="font-weight: bold; text-align:right">82</td> 
 <td style="font-weight: bold; text-align:right">1,931</td> 
 <td style="font-weight: bold; text-align:right">57</td> 
 <td style="font-weight: bold; text-align:right">2,949,734</td> 
 <td style="font-weight: bold; text-align:right">77,956</td> 
 <td style="font-weight: bold; text-align:right"><a href="/world-population/poland-population/">37,838,353</a> </td> 
 <td style="display:none" data-continent="Europe">Europe</td> 
 <td>518</td>
 <td>17,445</td>
 <td>13</td> 
</tr>
<tr style=""> 
 <td style="font-size:12px;color: grey;text-align:center;vertical-align:middle;">46</td> 
 <td style="font-weight: bold; font-size:15px; text-align:left;"><a class="mt_a" href="country/honduras/">Honduras</a></td> 
 <td style="font-weight: bold; text-align:right">65,802</td> 
 <td style="font-weight: bold; text-align:right;background-color:#FFEEAA;">+205</td> 
 <td style="font-weight: bold; text-align:right;">2,049 </td> 
 <td style="font-weight: bold; 
                                    text-align:right;background-color:red; color:white">+5</td> 
 <td style="font-weight: bold; text-align:right">15,577</td> 
 <td style="font-weight: bold; text-align:right;background-color:#c8e6c9; color:#000">+513</td> 
 <td style="text-align:right;font-weight:bold;">48,176</td> 
 <td style="font-weight: bold; text-align:right">33</td> 
 <td style="font-weight: bold; text-align:right">6,623</td> 
 <td style="font-weight: bold; text-align:right">206</td> 
 <td style="font-weight: bold; text-align:right">155,428</td> 
 <td style="font-weight: bold; text-align:right">15,645</td> 
 <td style="font-weight: bold; text-align:right"><a href="/world-population/honduras-population/">9,934,779</a> </td> 
 <td style="display:none" data-continent="North America">North America</td> 
 <td>151</td>
 <td>4,849</td>
 <td>64</td> 
</tr>
<tr style=""> 
 <td style="font-size:12px;color: grey;text-align:center;vertical-align:middle;">47</td> 
 <td style="font-weight: bold; font-size:15px; text-align:left;"><a class="mt_a" href="country/ethiopia/">Ethiopia</a></td> 
 <td style="font-weight: bold; text-align:right">62,578</td> 
 <td style="font-weight: bold; text-align:right;"></td> 
 <td style="font-weight: bold; text-align:right;">974 </td> 
 <td style="font-weight: bold; 
                                    text-align:right;"></td> 
 <td style="font-weight: bold; text-align:right">23,640</td> 
 <td style="font-weight: bold; text-align:right;"></td> 
 <td style="text-align:right;font-weight:bold;">37,964</td> 
 <td style="font-weight: bold; text-align:right">330</td> 
 <td style="font-weight: bold; text-align:right">542</td> 
 <td style="font-weight: bold; text-align:right">8</td> 
 <td style="font-weight: bold; text-align:right">1,110,495</td> 
 <td style="font-weight: bold; text-align:right">9,615</td> 
 <td style="font-weight: bold; text-align:right"><a href="/world-population/ethiopia-population/">115,496,876</a> </td> 
 <td style="display:none" data-continent="Africa">Africa</td> 
 <td>1,846</td>
 <td>118,580</td>
 <td>104</td> 
</tr>
<tr style=""> 
 <td style="font-size:12px;color: grey;text-align:center;vertical-align:middle;">48</td> 
 <td style="font-weight: bold; font-size:15px; text-align:left;"><a class="mt_a" href="country/portugal/">Portugal</a></td> 
 <td style="font-weight: bold; text-align:right">62,126</td> 
 <td style="font-weight: bold; text-align:right;"></td> 
 <td style="font-weight: bold; text-align:right;">1,852 </td> 
 <td style="font-weight: bold; 
                                    text-align:right;"></td> 
 <td style="font-weight: bold; text-align:right">43,441</td> 
 <td style="font-weight: bold; text-align:right;"></td> 
 <td style="text-align:right;font-weight:bold;">16,833</td> 
 <td style="font-weight: bold; text-align:right">57</td> 
 <td style="font-weight: bold; text-align:right">6,096</td> 
 <td style="font-weight: bold; text-align:right">182</td> 
 <td style="font-weight: bold; text-align:right">2,186,824</td> 
 <td style="font-weight: bold; text-align:right">214,589</td> 
 <td style="font-weight: bold; text-align:right"><a href="/world-population/portugal-population/">10,190,762</a> </td> 
 <td style="display:none" data-continent="Europe">Europe</td> 
 <td>164</td>
 <td>5,503</td>
 <td>5</td> 
</tr>
<tr style=""> 
 <td style="font-size:12px;color: grey;text-align:center;vertical-align:middle;">49</td> 
 <td style="font-weight: bold; font-size:15px; text-align:left;"><a class="mt_a" href="country/bahrain/">Bahrain</a></td> 
 <td style="font-weight: bold; text-align:right">58,207</td> 
 <td style="font-weight: bold; text-align:right;"></td> 
 <td style="font-weight: bold; text-align:right;">208 </td> 
 <td style="font-weight: bold; 
                                    text-align:right;background-color:red; color:white">+1</td> 
 <td style="font-weight: bold; text-align:right">52,284</td> 
 <td style="font-weight: bold; text-align:right;"></td> 
 <td style="text-align:right;font-weight:bold;">5,715</td> 
 <td style="font-weight: bold; text-align:right">27</td> 
 <td style="font-weight: bold; text-align:right">33,992</td> 
 <td style="font-weight: bold; text-align:right">121</td> 
 <td style="font-weight: bold; text-align:right">1,207,260</td> 
 <td style="font-weight: bold; text-align:right">705,028</td> 
 <td style="font-weight: bold; text-align:right"><a href="/world-population/bahrain-population/">1,712,357</a> </td> 
 <td style="display:none" data-continent="Asia">Asia</td> 
 <td>29</td>
 <td>8,232</td>
 <td>1</td> 
</tr>
<tr style=""> 
 <td style="font-size:12px;color: grey;text-align:center;vertical-align:middle;">50</td> 
 <td style="font-weight: bold; font-size:15px; text-align:left;"><a class="mt_a" href="country/venezuela/">Venezuela</a></td> 
 <td style="font-weight: bold; text-align:right">57,823</td> 
 <td style="font-weight: bold; text-align:right;"></td> 
 <td style="font-weight: bold; text-align:right;">460 </td> 
 <td style="font-weight: bold; 
                                    text-align:right;"></td> 
 <td style="font-weight: bold; text-align:right">46,125</td> 
 <td style="font-weight: bold; text-align:right;"></td> 
 <td style="text-align:right;font-weight:bold;">11,238</td> 
 <td style="font-weight: bold; text-align:right">111</td> 
 <td style="font-weight: bold; text-align:right">2,035</td> 
 <td style="font-weight: bold; text-align:right">16</td> 
 <td style="font-weight: bold; text-align:right">1,824,287</td> 
 <td style="font-weight: bold; text-align:right">64,191</td> 
 <td style="font-weight: bold; text-align:right"><a href="/world-population/venezuela-population/">28,419,828</a> </td> 
 <td style="display:none" data-continent="South America">South America</td> 
 <td>491</td>
 <td>61,782</td>
 <td>16</td> 
</tr>
<tr style=""> 
 <td style="font-size:12px;color: grey;text-align:center;vertical-align:middle;">51</td> 
 <td style="font-weight: bold; font-size:15px; text-align:left;"><a class="mt_a" href="country/singapore/">Singapore</a></td> 
 <td style="font-weight: bold; text-align:right">57,316</td> 
 <td style="font-weight: bold; text-align:right;background-color:#FFEEAA;">+87</td> 
 <td style="font-weight: bold; text-align:right;">27 </td> 
 <td style="font-weight: bold; 
                                    text-align:right;"></td> 
 <td style="font-weight: bold; text-align:right">56,558</td> 
 <td style="font-weight: bold; text-align:right;"></td> 
 <td style="text-align:right;font-weight:bold;">731</td> 
 <td style="font-weight: bold; text-align:right"></td> 
 <td style="font-weight: bold; text-align:right">9,782</td> 
 <td style="font-weight: bold; text-align:right">5</td> 
 <td style="font-weight: bold; text-align:right">2,281,104</td> 
 <td style="font-weight: bold; text-align:right">389,312</td> 
 <td style="font-weight: bold; text-align:right"><a href="/world-population/singapore-population/">5,859,326</a> </td> 
 <td style="display:none" data-continent="Asia">Asia</td> 
 <td>102</td>
 <td>217,012</td>
 <td>3</td> 
</tr>
<tr style=""> 
 <td style="font-size:12px;color: grey;text-align:center;vertical-align:middle;">52</td> 
 <td style="font-weight: bold; font-size:15px; text-align:left;"><a class="mt_a" href="country/nigeria/">Nigeria</a></td> 
 <td style="font-weight: bold; text-align:right">55,829</td> 
 <td style="font-weight: bold; text-align:right;"></td> 
 <td style="font-weight: bold; text-align:right;">1,075 </td> 
 <td style="font-weight: bold; 
                                    text-align:right;"></td> 
 <td style="font-weight: bold; text-align:right">43,810</td> 
 <td style="font-weight: bold; text-align:right;"></td> 
 <td style="text-align:right;font-weight:bold;">10,944</td> 
 <td style="font-weight: bold; text-align:right">7</td> 
 <td style="font-weight: bold; text-align:right">270</td> 
 <td style="font-weight: bold; text-align:right">5</td> 
 <td style="font-weight: bold; text-align:right">433,206</td> 
 <td style="font-weight: bold; text-align:right">2,092</td> 
 <td style="font-weight: bold; text-align:right"><a href="/world-population/nigeria-population/">207,096,361</a> </td> 
 <td style="display:none" data-continent="Africa">Africa</td> 
 <td>3,709</td>
 <td>192,648</td>
 <td>478</td> 
</tr>
<tr style=""> 
 <td style="font-size:12px;color: grey;text-align:center;vertical-align:middle;">53</td> 
 <td style="font-weight: bold; font-size:15px; text-align:left;"><a class="mt_a" href="country/costa-rica/">Costa Rica</a></td> 
 <td style="font-weight: bold; text-align:right">52,549</td> 
 <td style="font-weight: bold; text-align:right;"></td> 
 <td style="font-weight: bold; text-align:right;">567 </td> 
 <td style="font-weight: bold; 
                                    text-align:right;"></td> 
[...]
 <td style="font-weight: bold; text-align:right"></td> 
 <td style="font-weight: bold; text-align:right">5,146</td> 
 <td style="font-weight: bold; text-align:right">3,889</td> 
 <td style="font-weight: bold; text-align:right"><a href="/world-population/timor-leste-population/">1,323,217</a> </td> 
 <td style="display:none" data-continent="Asia">Asia</td> 
 <td>49,008</td>
 <td></td>
 <td>257</td> 
</tr>
<tr style=""> 
 <td style="font-size:12px;color: grey;text-align:center;vertical-align:middle;">200</td> 
 <td style="font-weight: bold; font-size:15px; text-align:left;"><a class="mt_a" href="country/new-caledonia/">New Caledonia</a></td> 
 <td style="font-weight: bold; text-align:right">26</td> 
 <td style="font-weight: bold; text-align:right;"></td> 
 <td style="font-weight: bold; text-align:right;"> </td> 
 <td style="font-weight: bold; 
                                    text-align:right;"></td> 
 <td style="font-weight: bold; text-align:right">25</td> 
 <td style="font-weight: bold; text-align:right;"></td> 
 <td style="text-align:right;font-weight:bold;">1</td> 
 <td style="font-weight: bold; text-align:right"></td> 
 <td style="font-weight: bold; text-align:right">91</td> 
 <td style="font-weight: bold; text-align:right"></td> 
 <td style="font-weight: bold; text-align:right">13,262</td> 
 <td style="font-weight: bold; text-align:right">46,365</td> 
 <td style="font-weight: bold; text-align:right"><a href="/world-population/new-caledonia-population/">286,032</a> </td> 
 <td style="display:none" data-continent="Australia/Oceania">Australia/Oceania</td> 
 <td>11,001</td>
 <td></td>
 <td>22</td> 
</tr>
<tr style=""> 
 <td style="font-size:12px;color: grey;text-align:center;vertical-align:middle;">201</td> 
 <td style="font-weight: bold; font-size:15px; text-align:left;"><a class="mt_a" href="country/caribbean-netherlands/">Caribbean Netherlands</a></td> 
 <td style="font-weight: bold; text-align:right">25</td> 
 <td style="font-weight: bold; text-align:right;"></td> 
 <td style="font-weight: bold; text-align:right;"> </td> 
 <td style="font-weight: bold; 
                                    text-align:right;"></td> 
 <td style="font-weight: bold; text-align:right">7</td> 
 <td style="font-weight: bold; text-align:right;"></td> 
 <td style="text-align:right;font-weight:bold;">18</td> 
 <td style="font-weight: bold; text-align:right"></td> 
 <td style="font-weight: bold; text-align:right">952</td> 
 <td style="font-weight: bold; text-align:right"></td> 
 <td style="font-weight: bold; text-align:right">900</td> 
 <td style="font-weight: bold; text-align:right">34,260</td> 
 <td style="font-weight: bold; text-align:right"><a href="/world-population/caribbean-netherlands-population/">26,270</a> </td> 
 <td style="display:none" data-continent="North America">North America</td> 
 <td>1,051</td>
 <td></td>
 <td>29</td> 
</tr>
<tr style=""> 
 <td style="font-size:12px;color: grey;text-align:center;vertical-align:middle;">202</td> 
 <td style="font-weight: bold; font-size:15px; text-align:left;"><a class="mt_a" href="country/dominica/">Dominica</a></td> 
 <td style="font-weight: bold; text-align:right">24</td> 
 <td style="font-weight: bold; text-align:right;"></td> 
 <td style="font-weight: bold; text-align:right;"> </td> 
 <td style="font-weight: bold; 
                                    text-align:right;"></td> 
 <td style="font-weight: bold; text-align:right">18</td> 
 <td style="font-weight: bold; text-align:right;"></td> 
 <td style="text-align:right;font-weight:bold;">6</td> 
 <td style="font-weight: bold; text-align:right"></td> 
 <td style="font-weight: bold; text-align:right">333</td> 
 <td style="font-weight: bold; text-align:right"></td> 
 <td style="font-weight: bold; text-align:right">2,077</td> 
 <td style="font-weight: bold; text-align:right">28,839</td> 
 <td style="font-weight: bold; text-align:right"><a href="/world-population/dominica-population/">72,021</a> </td> 
 <td style="display:none" data-continent="North America">North America</td> 
 <td>3,001</td>
 <td></td>
 <td>35</td> 
</tr>
<tr style="background-color:#EAF7D5"> 
 <td style="font-size:12px;color: grey;text-align:center;vertical-align:middle;">203</td> 
 <td style="font-weight: bold; font-size:15px; text-align:left;"><a class="mt_a" href="country/grenada/">Grenada</a></td> 
 <td style="font-weight: bold; text-align:right">24</td> 
 <td style="font-weight: bold; text-align:right;"></td> 
 <td style="font-weight: bold; text-align:right;"> </td> 
 <td style="font-weight: bold; 
                                    text-align:right;"></td> 
 <td style="font-weight: bold; text-align:right">24</td> 
 <td style="font-weight: bold; text-align:right;"></td> 
 <td style="text-align:right;font-weight:bold;">0</td> 
 <td style="font-weight: bold; text-align:right"></td> 
 <td style="font-weight: bold; text-align:right">213</td> 
 <td style="font-weight: bold; text-align:right"></td> 
 <td style="font-weight: bold; text-align:right">6,252</td> 
 <td style="font-weight: bold; text-align:right">55,511</td> 
 <td style="font-weight: bold; text-align:right"><a href="/world-population/grenada-population/">112,626</a> </td> 
 <td style="display:none" data-continent="North America">North America</td> 
 <td>4,693</td>
 <td></td>
 <td>18</td> 
</tr>
<tr style=""> 
 <td style="font-size:12px;color: grey;text-align:center;vertical-align:middle;">204</td> 
 <td style="font-weight: bold; font-size:15px; text-align:left;"><a class="mt_a" href="country/laos/">Laos</a></td> 
 <td style="font-weight: bold; text-align:right">23</td> 
 <td style="font-weight: bold; text-align:right;background-color:#FFEEAA;">+1</td> 
 <td style="font-weight: bold; text-align:right;"> </td> 
 <td style="font-weight: bold; 
                                    text-align:right;"></td> 
 <td style="font-weight: bold; text-align:right">21</td> 
 <td style="font-weight: bold; text-align:right;"></td> 
 <td style="text-align:right;font-weight:bold;">2</td> 
 <td style="font-weight: bold; text-align:right"></td> 
 <td style="font-weight: bold; text-align:right">3</td> 
 <td style="font-weight: bold; text-align:right"></td> 
 <td style="font-weight: bold; text-align:right">43,597</td> 
 <td style="font-weight: bold; text-align:right">5,976</td> 
 <td style="font-weight: bold; text-align:right"><a href="/world-population/laos-population/">7,295,851</a> </td> 
 <td style="display:none" data-continent="Asia">Asia</td> 
 <td>317,211</td>
 <td></td>
 <td>167</td> 
</tr>
<tr style=""> 
 <td style="font-size:12px;color: grey;text-align:center;vertical-align:middle;">205</td> 
 <td style="font-weight: bold; font-size:15px; text-align:left;"><a class="mt_a" href="country/saint-barthelemy/">St. Barth</a></td> 
 <td style="font-weight: bold; text-align:right">21</td> 
 <td style="font-weight: bold; text-align:right;"></td> 
 <td style="font-weight: bold; text-align:right;"> </td> 
 <td style="font-weight: bold; 
                                    text-align:right;"></td> 
 <td style="font-weight: bold; text-align:right">13</td> 
 <td style="font-weight: bold; text-align:right;"></td> 
 <td style="text-align:right;font-weight:bold;">8</td> 
 <td style="font-weight: bold; text-align:right"></td> 
 <td style="font-weight: bold; text-align:right">2,125</td> 
 <td style="font-weight: bold; text-align:right"></td> 
 <td style="font-weight: bold; text-align:right">2,075</td> 
 <td style="font-weight: bold; text-align:right">209,956</td> 
 <td style="font-weight: bold; text-align:right"><a href="/world-population/saint-barthelemy-population/">9,883</a> </td> 
 <td style="display:none" data-continent="North America">North America</td> 
 <td>471</td>
 <td></td>
 <td>5</td> 
</tr>
<tr style="background-color:#EAF7D5"> 
 <td style="font-size:12px;color: grey;text-align:center;vertical-align:middle;">206</td> 
 <td style="font-weight: bold; font-size:15px; text-align:left;"><a class="mt_a" href="country/saint-kitts-and-nevis/">Saint Kitts and Nevis</a></td> 
 <td style="font-weight: bold; text-align:right">17</td> 
 <td style="font-weight: bold; text-align:right;"></td> 
 <td style="font-weight: bold; text-align:right;"> </td> 
 <td style="font-weight: bold; 
                                    text-align:right;"></td> 
 <td style="font-weight: bold; text-align:right">17</td> 
 <td style="font-weight: bold; text-align:right;"></td> 
 <td style="text-align:right;font-weight:bold;">0</td> 
 <td style="font-weight: bold; text-align:right"></td> 
 <td style="font-weight: bold; text-align:right">319</td> 
 <td style="font-weight: bold; text-align:right"></td> 
 <td style="font-weight: bold; text-align:right">1,897</td> 
 <td style="font-weight: bold; text-align:right">35,609</td> 
 <td style="font-weight: bold; text-align:right"><a href="/world-population/saint-kitts-and-nevis-population/">53,273</a> </td> 
 <td style="display:none" data-continent="North America">North America</td> 
 <td>3,134</td>
 <td></td>
 <td>28</td> 
</tr>
<tr style="background-color:#EAF7D5"> 
 <td style="font-size:12px;color: grey;text-align:center;vertical-align:middle;">207</td> 
 <td style="font-weight: bold; font-size:15px; text-align:left;"><a class="mt_a" href="country/greenland/">Greenland</a></td> 
 <td style="font-weight: bold; text-align:right">14</td> 
 <td style="font-weight: bold; text-align:right;"></td> 
 <td style="font-weight: bold; text-align:right;"> </td> 
 <td style="font-weight: bold; 
                                    text-align:right;"></td> 
 <td style="font-weight: bold; text-align:right">14</td> 
 <td style="font-weight: bold; text-align:right;"></td> 
 <td style="text-align:right;font-weight:bold;">0</td> 
 <td style="font-weight: bold; text-align:right"></td> 
 <td style="font-weight: bold; text-align:right">247</td> 
 <td style="font-weight: bold; text-align:right"></td> 
 <td style="font-weight: bold; text-align:right">7,223</td> 
 <td style="font-weight: bold; text-align:right">127,190</td> 
 <td style="font-weight: bold; text-align:right"><a href="/world-population/greenland-population/">56,789</a> </td> 
 <td style="display:none" data-continent="North America">North America</td> 
 <td>4,056</td>
 <td></td>
 <td>8</td> 
</tr>
<tr style=""> 
 <td style="font-size:12px;color: grey;text-align:center;vertical-align:middle;">208</td> 
 <td style="font-weight: bold; font-size:15px; text-align:left;"><a class="mt_a" href="country/montserrat/">Montserrat</a></td> 
 <td style="font-weight: bold; text-align:right">13</td> 
 <td style="font-weight: bold; text-align:right;"></td> 
 <td style="font-weight: bold; text-align:right;">1 </td> 
 <td style="font-weight: bold; 
                                    text-align:right;"></td> 
 <td style="font-weight: bold; text-align:right">11</td> 
 <td style="font-weight: bold; text-align:right;"></td> 
 <td style="text-align:right;font-weight:bold;">1</td> 
 <td style="font-weight: bold; text-align:right"></td> 
 <td style="font-weight: bold; text-align:right">2,604</td> 
 <td style="font-weight: bold; text-align:right">200</td> 
 <td style="font-weight: bold; text-align:right">373</td> 
 <td style="font-weight: bold; text-align:right">74,705</td> 
 <td style="font-weight: bold; text-align:right"><a href="/world-population/montserrat-population/">4,993</a> </td> 
 <td style="display:none" data-continent="North America">North America</td> 
 <td>384</td>
 <td>4,993</td>
 <td>13</td> 
</tr>
<tr style="background-color:#EAF7D5"> 
 <td style="font-size:12px;color: grey;text-align:center;vertical-align:middle;">209</td> 
 <td style="font-weight: bold; font-size:15px; text-align:left;"><a class="mt_a" href="country/falkland-islands-malvinas/">Falkland Islands</a></td> 
 <td style="font-weight: bold; text-align:right">13</td> 
 <td style="font-weight: bold; text-align:right;"></td> 
 <td style="font-weight: bold; text-align:right;"> </td> 
 <td style="font-weight: bold; 
                                    text-align:right;"></td> 
 <td style="font-weight: bold; text-align:right">13</td> 
 <td style="font-weight: bold; text-align:right;"></td> 
 <td style="text-align:right;font-weight:bold;">0</td> 
 <td style="font-weight: bold; text-align:right"></td> 
 <td style="font-weight: bold; text-align:right">3,715</td> 
 <td style="font-weight: bold; text-align:right"></td> 
 <td style="font-weight: bold; text-align:right">2,261</td> 
 <td style="font-weight: bold; text-align:right">646,185</td> 
 <td style="font-weight: bold; text-align:right"><a href="/world-population/falkland-islands-malvinas-population/">3,499</a> </td> 
 <td style="display:none" data-continent="South America">South America</td> 
 <td>269</td>
 <td></td>
 <td>2</td> 
</tr>
<tr style="background-color:#EAF7D5"> 
 <td style="font-size:12px;color: grey;text-align:center;vertical-align:middle;">210</td> 
 <td style="font-weight: bold; font-size:15px; text-align:left;"><a class="mt_a" href="country/holy-see/">Vatican City</a></td> 
 <td style="font-weight: bold; text-align:right">12</td> 
 <td style="font-weight: bold; text-align:right;"></td> 
 <td style="font-weight: bold; text-align:right;"> </td> 
 <td style="font-weight: bold; 
                                    text-align:right;"></td> 
 <td style="font-weight: bold; text-align:right">12</td> 
 <td style="font-weight: bold; text-align:right;"></td> 
 <td style="text-align:right;font-weight:bold;">0</td> 
 <td style="font-weight: bold; text-align:right"></td> 
 <td style="font-weight: bold; text-align:right">14,981</td> 
 <td style="font-weight: bold; text-align:right"></td> 
 <td style="font-weight: bold; text-align:right"></td> 
 <td style="font-weight: bold; text-align:right"></td> 
 <td style="font-weight: bold; text-align:right"><a href="/world-population/holy-see-population/">801</a> </td> 
 <td style="display:none" data-continent="Europe">Europe</td> 
 <td>67</td>
 <td></td>
 <td></td> 
</tr>
<tr style=""> 
 <td style="font-size:12px;color: grey;text-align:center;vertical-align:middle;">211</td> 
 <td style="font-weight: bold; font-size:15px; text-align:left;"><a class="mt_a" href="country/western-sahara/">Western Sahara</a></td> 
 <td style="font-weight: bold; text-align:right">10</td> 
 <td style="font-weight: bold; text-align:right;"></td> 
 <td style="font-weight: bold; text-align:right;">1 </td> 
 <td style="font-weight: bold; 
                                    text-align:right;"></td> 
 <td style="font-weight: bold; text-align:right">8</td> 
 <td style="font-weight: bold; text-align:right;"></td> 
 <td style="text-align:right;font-weight:bold;">1</td> 
 <td style="font-weight: bold; text-align:right"></td> 
 <td style="font-weight: bold; text-align:right">17</td> 
 <td style="font-weight: bold; text-align:right">2</td> 
 <td style="font-weight: bold; text-align:right"></td> 
 <td style="font-weight: bold; text-align:right"></td> 
 <td style="font-weight: bold; text-align:right"><a href="/world-population/western-sahara-population/">600,091</a> </td> 
 <td style="display:none" data-continent="Africa">Africa</td> 
 <td>60,009</td>
 <td>600,091</td>
 <td></td> 
</tr>
<tr style=""> 
 <td style="font-size:12px;color: grey;text-align:center;vertical-align:middle;">212</td> 
 <td style="font-weight: bold; font-size:15px; text-align:left;"><a class="mt_a" href="country/saint-pierre-and-miquelon/">Saint Pierre Miquelon</a></td> 
 <td style="font-weight: bold; text-align:right">10</td> 
 <td style="font-weight: bold; text-align:right;"></td> 
 <td style="font-weight: bold; text-align:right;"> </td> 
 <td style="font-weight: bold; 
                                    text-align:right;"></td> 
 <td style="font-weight: bold; text-align:right">5</td> 
 <td style="font-weight: bold; text-align:right;"></td> 
 <td style="text-align:right;font-weight:bold;">5</td> 
 <td style="font-weight: bold; text-align:right"></td> 
 <td style="font-weight: bold; text-align:right">1,728</td> 
 <td style="font-weight: bold; text-align:right"></td> 
 <td style="font-weight: bold; text-align:right">1,051</td> 
 <td style="font-weight: bold; text-align:right">181,583</td> 
 <td style="font-weight: bold; text-align:right"><a href="/world-population/saint-pierre-and-miquelon-population/">5,788</a> </td> 
 <td style="display:none" data-continent="North America">North America</td> 
 <td>579</td>
 <td></td>
 <td>6</td> 
</tr>
<tr style=""> 
 <td style="font-size:12px;color: grey;text-align:center;vertical-align:middle;">213</td> 
 <td style="font-weight: bold; font-size:15px; text-align:left;"><span style="color:#00B5F0; font-style:italic; ">MS Zaandam</span></td> 
 <td style="font-weight: bold; text-align:right">9</td> 
 <td style="font-weight: bold; text-align:right;"></td> 
 <td style="font-weight: bold; text-align:right;">2 </td> 
 <td style="font-weight: bold; 
                                    text-align:right;"></td> 
 <td style="font-weight: bold; text-align:right"></td> 
 <td style="font-weight: bold; text-align:right;"></td> 
 <td style="text-align:right;font-weight:bold;">7</td> 
 <td style="font-weight: bold; text-align:right"></td> 
 <td style="font-weight: bold; text-align:right"></td> 
 <td style="font-weight: bold; text-align:right"></td> 
 <td style="font-weight: bold; text-align:right"></td> 
 <td style="font-weight: bold; text-align:right"></td> 
 <td style="font-weight: bold; text-align:right"> </td> 
 <td style="display:none" data-continent=""></td> 
 <td></td>
 <td></td>
 <td></td> 
</tr>
<tr style="background-color:#EAF7D5"> 
 <td style="font-size:12px;color: grey;text-align:center;vertical-align:middle;">214</td> 
 <td style="font-weight: bold; font-size:15px; text-align:left;"><a class="mt_a" href="country/anguilla/">Anguilla</a></td> 
 <td style="font-weight: bold; text-align:right">3</td> 
 <td style="font-weight: bold; text-align:right;"></td> 
 <td style="font-weight: bold; text-align:right;"> </td> 
 <td style="font-weight: bold; 
                                    text-align:right;"></td> 
 <td style="font-weight: bold; text-align:right">3</td> 
 <td style="font-weight: bold; text-align:right;"></td> 
 <td style="text-align:right;font-weight:bold;">0</td> 
 <td style="font-weight: bold; text-align:right"></td> 
 <td style="font-weight: bold; text-align:right">200</td> 
 <td style="font-weight: bold; text-align:right"></td> 
 <td style="font-weight: bold; text-align:right">928</td> 
 <td style="font-weight: bold; text-align:right">61,747</td> 
 <td style="font-weight: bold; text-align:right"><a href="/world-population/anguilla-population/">15,029</a> </td> 
 <td style="display:none" data-continent="North America">North America</td> 
 <td>5,010</td>
 <td></td>
 <td>16</td> 
</tr>
<tr style=""> 
 <td style="font-size:12px;color: grey;text-align:center;vertical-align:middle;">215</td> 
 <td style="font-weight: bold; font-size:15px; text-align:left;"><a class="mt_a" href="country/china/">China</a></td> 
 <td style="font-weight: bold; text-align:right">85,168</td> 
 <td style="font-weight: bold; text-align:right;background-color:#FFEEAA;">+15</td> 
 <td style="font-weight: bold; text-align:right;">4,634 </td> 
 <td style="font-weight: bold; 
                                    text-align:right;"></td> 
 <td style="font-weight: bold; text-align:right">80,377</td> 
 <td style="font-weight: bold; text-align:right;background-color:#c8e6c9; color:#000">+19</td> 
 <td style="text-align:right;font-weight:bold;">157</td> 
 <td style="font-weight: bold; text-align:right">2</td> 
 <td style="font-weight: bold; text-align:right">59</td> 
 <td style="font-weight: bold; text-align:right">3</td> 
 <td style="font-weight: bold; text-align:right">160,000,000</td> 
 <td style="font-weight: bold; text-align:right">111,163</td> 
 <td style="font-weight: bold; text-align:right">1,439,323,776 </td> 
 <td style="display:none" data-continent="Asia">Asia</td> 
 <td>16,900</td>
 <td>310,601</td>
 <td>9</td> 
</tr>
]]></system-out>
  <system-err><![CDATA[]]></system-err>
</testsuite>
